<?xml version="1.0" encoding="UTF-8"?>
<robot generator="Robot 7.0 (Python 3.12.1 on win32)" generated="2024-10-28T18:13:18.973453" rpa="false" schemaversion="5">
<suite id="s1" name="Tests" source="C:\QAx\projects\smartbit-robot\web\tests">
<suite id="s1-s1" name="Login" source="C:\QAx\projects\smartbit-robot\web\tests\login.robot">
<test id="s1-s1-t1" name="Deve logar como gestor de academia" line="10">
<kw name="Start Session" owner="Base" type="SETUP">
<kw name="New Browser" owner="Browser">
<msg time="2024-10-28T18:13:22.217091" level="INFO">{"browser": "chromium", "headless": false, "chromiumSandbox": false, "devtools": false, "handleSIGHUP": true, "handleSIGINT": true, "handleSIGTERM": true, "slowMo": 0.0, "timeout": 30000.0, "tracesDir": "C:\\QAx\\projects\\smartbit-robot\\web\\.logs\\browser\\traces\\7a894010-d31e-46e4-90dd-f0edf1d0b626"}</msg>
<msg time="2024-10-28T18:13:23.740472" level="INFO">Successfully created browser with options: {"browser":"chromium","headless":false,"chromiumSandbox":false,"devtools":false,"handleSIGHUP":true,"handleSIGINT":true,"handleSIGTERM":true,"slowMo":0,"timeout":30000,"tracesDir":"C:\\QAx\\projects\\smartbit-robot\\web\\.logs\\browser\\traces\\7a894010-d31e-46e4-90dd-f0edf1d0b626"}</msg>
<arg>browser=${BROWSER}</arg>
<arg>headless=${HEADLESS}</arg>
<tag>BrowserControl</tag>
<tag>Setter</tag>
<doc>Create a new playwright Browser with specified options.</doc>
<status status="PASS" start="2024-10-28T18:13:22.215080" elapsed="1.526914"/>
</kw>
<kw name="New Context" owner="Browser">
<msg time="2024-10-28T18:13:23.746033" level="INFO">{
  "acceptDownloads": true,
  "bypassCSP": false,
  "forcedColors": "none",
  "ignoreHTTPSErrors": false,
  "javaScriptEnabled": true,
  "offline": false,
  "reducedMotion": "no-preference",
  "serviceWorkers": "allow",
  "viewport": {
    "height": 1080,
    "width": 1920
  }
}</msg>
<msg time="2024-10-28T18:13:23.848132" level="INFO">Successfully created context. </msg>
<msg time="2024-10-28T18:13:23.848132" level="INFO">{'acceptDownloads': True, 'bypassCSP': False, 'forcedColors': 'none', 'ignoreHTTPSErrors': False, 'javaScriptEnabled': True, 'offline': False, 'reducedMotion': 'no-preference', 'serviceWorkers': 'allow', 'viewport': {'height': 1080, 'width': 1920}}</msg>
<arg>viewport={'width': 1920, 'height': 1080}</arg>
<tag>BrowserControl</tag>
<tag>Setter</tag>
<doc>Create a new BrowserContext with specified options.</doc>
<status status="PASS" start="2024-10-28T18:13:23.743013" elapsed="0.105119"/>
</kw>
<kw name="New Page" owner="Browser">
<msg time="2024-10-28T18:13:27.500404" level="INFO">Successfully initialized new page object and opened url: http://localhost:3000</msg>
<arg>${BASE_URL}</arg>
<tag>BrowserControl</tag>
<tag>Setter</tag>
<doc>Open a new Page.</doc>
<status status="PASS" start="2024-10-28T18:13:23.849117" elapsed="3.651287"/>
</kw>
<status status="PASS" start="2024-10-28T18:13:22.214023" elapsed="5.286381"/>
</kw>
<kw name="Go to login page" owner="Login">
<kw name="Go To" owner="Browser">
<msg time="2024-10-28T18:13:27.809649" level="INFO">Successfully opened URL http://localhost:3000/login</msg>
<arg>${BASE_URL}/login</arg>
<tag>BrowserControl</tag>
<tag>Setter</tag>
<doc>Navigates to the given ``url``.</doc>
<status status="PASS" start="2024-10-28T18:13:27.507124" elapsed="0.304051"/>
</kw>
<status status="PASS" start="2024-10-28T18:13:27.503085" elapsed="0.308090"/>
</kw>
<kw name="Submit login form" owner="Login">
<kw name="Fill Text" owner="Browser">
<msg time="2024-10-28T18:13:27.820056" level="INFO">Fills the text 'sac@smartbit.com' in the given field.</msg>
<arg>css=input[name=email]</arg>
<arg>${email}</arg>
<tag>PageContent</tag>
<tag>Setter</tag>
<doc>Clears and fills the given ``txt`` into the text field found by ``selector``.</doc>
<status status="PASS" start="2024-10-28T18:13:27.814725" elapsed="0.193290"/>
</kw>
<kw name="Fill Text" owner="Browser">
<msg time="2024-10-28T18:13:28.010030" level="INFO">Fills the text 'pwd123' in the given field.</msg>
<arg>css=input[name=password]</arg>
<arg>${password}</arg>
<tag>PageContent</tag>
<tag>Setter</tag>
<doc>Clears and fills the given ``txt`` into the text field found by ``selector``.</doc>
<status status="PASS" start="2024-10-28T18:13:28.009033" elapsed="0.026253"/>
</kw>
<kw name="Click" owner="Browser">
<msg time="2024-10-28T18:13:28.038292" level="INFO">Clicks the element 'css=button &gt;&gt; text=Entrar'.</msg>
<arg>css=button &gt;&gt; text=Entrar</arg>
<tag>PageContent</tag>
<tag>Setter</tag>
<doc>Simulates mouse click on the element found by ``selector``.</doc>
<status status="PASS" start="2024-10-28T18:13:28.036290" elapsed="0.101082"/>
</kw>
<arg>sac@smartbit.com</arg>
<arg>pwd123</arg>
<status status="PASS" start="2024-10-28T18:13:27.812707" elapsed="0.325700"/>
</kw>
<kw name="User is logged in" owner="Navbar">
<kw name="Set Variable" owner="BuiltIn">
<msg time="2024-10-28T18:13:28.143979" level="INFO">${element} = css=span.logged-user</msg>
<var>${element}</var>
<arg>css=span.logged-user</arg>
<doc>Returns the given values which can then be assigned to a variables.</doc>
<status status="PASS" start="2024-10-28T18:13:28.142934" elapsed="0.001045"/>
</kw>
<kw name="Wait For Elements State" owner="Browser">
<msg time="2024-10-28T18:13:30.072090" level="INFO">Waited for Element with selector css=span.logged-user at state visible</msg>
<arg>${element}</arg>
<arg>visible</arg>
<arg>5</arg>
<tag>PageContent</tag>
<tag>Wait</tag>
<doc>Waits for the element found by ``selector`` to satisfy state option.</doc>
<status status="PASS" start="2024-10-28T18:13:28.144952" elapsed="1.927138"/>
</kw>
<kw name="Get Text" owner="Browser">
<msg time="2024-10-28T18:13:30.233014" level="INFO">Text: 'sac@smartbit.com'</msg>
<arg>${element}</arg>
<arg>equals</arg>
<arg>${email}</arg>
<tag>Assertion</tag>
<tag>Getter</tag>
<tag>PageContent</tag>
<doc>Returns text attribute of the element found by ``selector``.</doc>
<status status="PASS" start="2024-10-28T18:13:30.073110" elapsed="0.159904"/>
</kw>
<arg>sac@smartbit.com</arg>
<status status="PASS" start="2024-10-28T18:13:28.141390" elapsed="2.091624"/>
</kw>
<kw name="Take Screenshot" owner="Browser" type="TEARDOWN">
<msg time="2024-10-28T18:13:30.517246" level="INFO" html="true">&lt;/td&gt;&lt;/tr&gt;&lt;tr&gt;&lt;td colspan="3"&gt;&lt;a href="browser/screenshot/robotframework-browser-screenshot-1.png" target="_blank"&gt;&lt;img src="browser/screenshot/robotframework-browser-screenshot-1.png" width="800px"/&gt;&lt;/a&gt;</msg>
<tag>PageContent</tag>
<doc>Takes a screenshot of the current window or element and saves it to disk.</doc>
<status status="PASS" start="2024-10-28T18:13:30.234026" elapsed="0.284220"/>
</kw>
<status status="PASS" start="2024-10-28T18:13:22.208146" elapsed="8.313706"/>
</test>
<test id="s1-s1-t2" name="Não deve logar com senha incorreta" line="16">
<kw name="Start Session" owner="Base" type="SETUP">
<kw name="New Browser" owner="Browser">
<msg time="2024-10-28T18:13:30.814272" level="INFO">Switching browser to browser=a61b2075-8182-4cb3-ab7a-15a00df0b5b2</msg>
<msg time="2024-10-28T18:13:30.824887" level="INFO">Successfully changed active browser: browser=a61b2075-8182-4cb3-ab7a-15a00df0b5b2</msg>
<msg time="2024-10-28T18:13:30.824887" level="INFO">Reusing existing browser with id: browser=a61b2075-8182-4cb3-ab7a-15a00df0b5b2</msg>
<arg>browser=${BROWSER}</arg>
<arg>headless=${HEADLESS}</arg>
<tag>BrowserControl</tag>
<tag>Setter</tag>
<doc>Create a new playwright Browser with specified options.</doc>
<status status="PASS" start="2024-10-28T18:13:30.811704" elapsed="0.013183"/>
</kw>
<kw name="New Context" owner="Browser">
<msg time="2024-10-28T18:13:30.827404" level="INFO">{
  "acceptDownloads": true,
  "bypassCSP": false,
  "forcedColors": "none",
  "ignoreHTTPSErrors": false,
  "javaScriptEnabled": true,
  "offline": false,
  "reducedMotion": "no-preference",
  "serviceWorkers": "allow",
  "viewport": {
    "height": 1080,
    "width": 1920
  }
}</msg>
<msg time="2024-10-28T18:13:30.866225" level="INFO">Successfully created context. </msg>
<msg time="2024-10-28T18:13:30.867203" level="INFO">{'acceptDownloads': True, 'bypassCSP': False, 'forcedColors': 'none', 'ignoreHTTPSErrors': False, 'javaScriptEnabled': True, 'offline': False, 'reducedMotion': 'no-preference', 'serviceWorkers': 'allow', 'viewport': {'height': 1080, 'width': 1920}}</msg>
<arg>viewport={'width': 1920, 'height': 1080}</arg>
<tag>BrowserControl</tag>
<tag>Setter</tag>
<doc>Create a new BrowserContext with specified options.</doc>
<status status="PASS" start="2024-10-28T18:13:30.825885" elapsed="0.041318"/>
</kw>
<kw name="New Page" owner="Browser">
<msg time="2024-10-28T18:13:33.133445" level="INFO">Successfully initialized new page object and opened url: http://localhost:3000</msg>
<arg>${BASE_URL}</arg>
<tag>BrowserControl</tag>
<tag>Setter</tag>
<doc>Open a new Page.</doc>
<status status="PASS" start="2024-10-28T18:13:30.868202" elapsed="2.265243"/>
</kw>
<status status="PASS" start="2024-10-28T18:13:30.810177" elapsed="2.323268"/>
</kw>
<kw name="Go to login page" owner="Login">
<kw name="Go To" owner="Browser">
<msg time="2024-10-28T18:13:33.451138" level="INFO">Successfully opened URL http://localhost:3000/login</msg>
<arg>${BASE_URL}/login</arg>
<tag>BrowserControl</tag>
<tag>Setter</tag>
<doc>Navigates to the given ``url``.</doc>
<status status="PASS" start="2024-10-28T18:13:33.145160" elapsed="0.306486"/>
</kw>
<status status="PASS" start="2024-10-28T18:13:33.139949" elapsed="0.312206"/>
</kw>
<kw name="Submit login form" owner="Login">
<kw name="Fill Text" owner="Browser">
<msg time="2024-10-28T18:13:33.465952" level="INFO">Fills the text 'sac@smartbit.com' in the given field.</msg>
<arg>css=input[name=email]</arg>
<arg>${email}</arg>
<tag>PageContent</tag>
<tag>Setter</tag>
<doc>Clears and fills the given ``txt`` into the text field found by ``selector``.</doc>
<status status="PASS" start="2024-10-28T18:13:33.459217" elapsed="0.137009"/>
</kw>
<kw name="Fill Text" owner="Browser">
<msg time="2024-10-28T18:13:33.597648" level="INFO">Fills the text 'abc123' in the given field.</msg>
<arg>css=input[name=password]</arg>
<arg>${password}</arg>
<tag>PageContent</tag>
<tag>Setter</tag>
<doc>Clears and fills the given ``txt`` into the text field found by ``selector``.</doc>
<status status="PASS" start="2024-10-28T18:13:33.597648" elapsed="0.051276"/>
</kw>
<kw name="Click" owner="Browser">
<msg time="2024-10-28T18:13:33.649921" level="INFO">Clicks the element 'css=button &gt;&gt; text=Entrar'.</msg>
<arg>css=button &gt;&gt; text=Entrar</arg>
<tag>PageContent</tag>
<tag>Setter</tag>
<doc>Simulates mouse click on the element found by ``selector``.</doc>
<status status="PASS" start="2024-10-28T18:13:33.648924" elapsed="0.158171"/>
</kw>
<arg>sac@smartbit.com</arg>
<arg>abc123</arg>
<status status="PASS" start="2024-10-28T18:13:33.456212" elapsed="0.350883"/>
</kw>
<kw name="Toast should be" owner="Toast">
<kw name="Wait For Elements State" owner="Browser">
<msg time="2024-10-28T18:13:35.243053" level="INFO">Waited for Element with selector css=.Toastify__toast-body at state visible</msg>
<arg>css=.Toastify__toast-body</arg>
<arg>visible</arg>
<arg>5</arg>
<tag>PageContent</tag>
<tag>Wait</tag>
<doc>Waits for the element found by ``selector`` to satisfy state option.</doc>
<status status="PASS" start="2024-10-28T18:13:33.810072" elapsed="1.432981"/>
</kw>
<kw name="Get Text" owner="Browser">
<msg time="2024-10-28T18:13:35.292857" level="INFO">Text: 'As credenciais de acesso fornecidas são inválidas. Tente novamente!'</msg>
<arg>css=.Toastify__toast-body</arg>
<arg>equal</arg>
<arg>${expected_text}</arg>
<tag>Assertion</tag>
<tag>Getter</tag>
<tag>PageContent</tag>
<doc>Returns text attribute of the element found by ``selector``.</doc>
<status status="PASS" start="2024-10-28T18:13:35.244060" elapsed="0.048797"/>
</kw>
<arg>As credenciais de acesso fornecidas são inválidas. Tente novamente!</arg>
<status status="PASS" start="2024-10-28T18:13:33.809073" elapsed="1.483784"/>
</kw>
<kw name="Take Screenshot" owner="Browser" type="TEARDOWN">
<msg time="2024-10-28T18:13:35.618957" level="INFO" html="true">&lt;/td&gt;&lt;/tr&gt;&lt;tr&gt;&lt;td colspan="3"&gt;&lt;a href="browser/screenshot/robotframework-browser-screenshot-2.png" target="_blank"&gt;&lt;img src="browser/screenshot/robotframework-browser-screenshot-2.png" width="800px"/&gt;&lt;/a&gt;</msg>
<tag>PageContent</tag>
<doc>Takes a screenshot of the current window or element and saves it to disk.</doc>
<status status="PASS" start="2024-10-28T18:13:35.292857" elapsed="0.327101"/>
</kw>
<tag>inv_pass</tag>
<status status="PASS" start="2024-10-28T18:13:30.792702" elapsed="4.830977"/>
</test>
<test id="s1-s1-t3" name="Não deve logar com e-mail não cadastrado" line="22">
<kw name="Start Session" owner="Base" type="SETUP">
<kw name="New Browser" owner="Browser">
<msg time="2024-10-28T18:13:35.850060" level="INFO">Switching browser to browser=a61b2075-8182-4cb3-ab7a-15a00df0b5b2</msg>
<msg time="2024-10-28T18:13:35.862864" level="INFO">Successfully changed active browser: browser=a61b2075-8182-4cb3-ab7a-15a00df0b5b2</msg>
<msg time="2024-10-28T18:13:35.862864" level="INFO">Reusing existing browser with id: browser=a61b2075-8182-4cb3-ab7a-15a00df0b5b2</msg>
<arg>browser=${BROWSER}</arg>
<arg>headless=${HEADLESS}</arg>
<tag>BrowserControl</tag>
<tag>Setter</tag>
<doc>Create a new playwright Browser with specified options.</doc>
<status status="PASS" start="2024-10-28T18:13:35.849062" elapsed="0.013802"/>
</kw>
<kw name="New Context" owner="Browser">
<msg time="2024-10-28T18:13:35.864887" level="INFO">{
  "acceptDownloads": true,
  "bypassCSP": false,
  "forcedColors": "none",
  "ignoreHTTPSErrors": false,
  "javaScriptEnabled": true,
  "offline": false,
  "reducedMotion": "no-preference",
  "serviceWorkers": "allow",
  "viewport": {
    "height": 1080,
    "width": 1920
  }
}</msg>
<msg time="2024-10-28T18:13:35.911569" level="INFO">Successfully created context. </msg>
<msg time="2024-10-28T18:13:35.911569" level="INFO">{'acceptDownloads': True, 'bypassCSP': False, 'forcedColors': 'none', 'ignoreHTTPSErrors': False, 'javaScriptEnabled': True, 'offline': False, 'reducedMotion': 'no-preference', 'serviceWorkers': 'allow', 'viewport': {'height': 1080, 'width': 1920}}</msg>
<arg>viewport={'width': 1920, 'height': 1080}</arg>
<tag>BrowserControl</tag>
<tag>Setter</tag>
<doc>Create a new BrowserContext with specified options.</doc>
<status status="PASS" start="2024-10-28T18:13:35.863894" elapsed="0.047675"/>
</kw>
<kw name="New Page" owner="Browser">
<msg time="2024-10-28T18:13:37.423860" level="INFO">Successfully initialized new page object and opened url: http://localhost:3000</msg>
<arg>${BASE_URL}</arg>
<tag>BrowserControl</tag>
<tag>Setter</tag>
<doc>Open a new Page.</doc>
<status status="PASS" start="2024-10-28T18:13:35.912079" elapsed="1.511781"/>
</kw>
<status status="PASS" start="2024-10-28T18:13:35.848067" elapsed="1.576816"/>
</kw>
<kw name="Go to login page" owner="Login">
<kw name="Go To" owner="Browser">
<msg time="2024-10-28T18:13:37.718198" level="INFO">Successfully opened URL http://localhost:3000/login</msg>
<arg>${BASE_URL}/login</arg>
<tag>BrowserControl</tag>
<tag>Setter</tag>
<doc>Navigates to the given ``url``.</doc>
<status status="PASS" start="2024-10-28T18:13:37.425849" elapsed="0.293354"/>
</kw>
<status status="PASS" start="2024-10-28T18:13:37.424883" elapsed="0.294320"/>
</kw>
<kw name="Submit login form" owner="Login">
<kw name="Fill Text" owner="Browser">
<msg time="2024-10-28T18:13:37.727834" level="INFO">Fills the text '404@smartbit.com' in the given field.</msg>
<arg>css=input[name=email]</arg>
<arg>${email}</arg>
<tag>PageContent</tag>
<tag>Setter</tag>
<doc>Clears and fills the given ``txt`` into the text field found by ``selector``.</doc>
<status status="PASS" start="2024-10-28T18:13:37.723837" elapsed="0.203205"/>
</kw>
<kw name="Fill Text" owner="Browser">
<msg time="2024-10-28T18:13:37.928742" level="INFO">Fills the text 'abc123' in the given field.</msg>
<arg>css=input[name=password]</arg>
<arg>${password}</arg>
<tag>PageContent</tag>
<tag>Setter</tag>
<doc>Clears and fills the given ``txt`` into the text field found by ``selector``.</doc>
<status status="PASS" start="2024-10-28T18:13:37.927683" elapsed="0.038897"/>
</kw>
<kw name="Click" owner="Browser">
<msg time="2024-10-28T18:13:37.972230" level="INFO">Clicks the element 'css=button &gt;&gt; text=Entrar'.</msg>
<arg>css=button &gt;&gt; text=Entrar</arg>
<tag>PageContent</tag>
<tag>Setter</tag>
<doc>Simulates mouse click on the element found by ``selector``.</doc>
<status status="PASS" start="2024-10-28T18:13:37.967607" elapsed="0.127515"/>
</kw>
<arg>404@smartbit.com</arg>
<arg>abc123</arg>
<status status="PASS" start="2024-10-28T18:13:37.721801" elapsed="0.373321"/>
</kw>
<kw name="Toast should be" owner="Toast">
<kw name="Wait For Elements State" owner="Browser">
<msg time="2024-10-28T18:13:39.476655" level="INFO">Waited for Element with selector css=.Toastify__toast-body at state visible</msg>
<arg>css=.Toastify__toast-body</arg>
<arg>visible</arg>
<arg>5</arg>
<tag>PageContent</tag>
<tag>Wait</tag>
<doc>Waits for the element found by ``selector`` to satisfy state option.</doc>
<status status="PASS" start="2024-10-28T18:13:38.096181" elapsed="1.380474"/>
</kw>
<kw name="Get Text" owner="Browser">
<msg time="2024-10-28T18:13:39.528633" level="INFO">Text: 'As credenciais de acesso fornecidas são inválidas. Tente novamente!'</msg>
<arg>css=.Toastify__toast-body</arg>
<arg>equal</arg>
<arg>${expected_text}</arg>
<tag>Assertion</tag>
<tag>Getter</tag>
<tag>PageContent</tag>
<doc>Returns text attribute of the element found by ``selector``.</doc>
<status status="PASS" start="2024-10-28T18:13:39.476655" elapsed="0.052033"/>
</kw>
<arg>As credenciais de acesso fornecidas são inválidas. Tente novamente!</arg>
<status status="PASS" start="2024-10-28T18:13:38.096181" elapsed="1.432507"/>
</kw>
<kw name="Take Screenshot" owner="Browser" type="TEARDOWN">
<msg time="2024-10-28T18:13:39.793762" level="INFO" html="true">&lt;/td&gt;&lt;/tr&gt;&lt;tr&gt;&lt;td colspan="3"&gt;&lt;a href="browser/screenshot/robotframework-browser-screenshot-3.png" target="_blank"&gt;&lt;img src="browser/screenshot/robotframework-browser-screenshot-3.png" width="800px"/&gt;&lt;/a&gt;</msg>
<tag>PageContent</tag>
<doc>Takes a screenshot of the current window or element and saves it to disk.</doc>
<status status="PASS" start="2024-10-28T18:13:39.529193" elapsed="0.265595"/>
</kw>
<tag>email_404</tag>
<status status="PASS" start="2024-10-28T18:13:35.826263" elapsed="3.969515"/>
</test>
<test id="s1-s1-t4" name="Tentativa de logar com dados incorretos" line="28">
<kw name="Start Session" owner="Base" type="SETUP">
<kw name="New Browser" owner="Browser">
<msg time="2024-10-28T18:13:40.137145" level="INFO">Switching browser to browser=a61b2075-8182-4cb3-ab7a-15a00df0b5b2</msg>
<msg time="2024-10-28T18:13:40.152673" level="INFO">Successfully changed active browser: browser=a61b2075-8182-4cb3-ab7a-15a00df0b5b2</msg>
<msg time="2024-10-28T18:13:40.152673" level="INFO">Reusing existing browser with id: browser=a61b2075-8182-4cb3-ab7a-15a00df0b5b2</msg>
<arg>browser=${BROWSER}</arg>
<arg>headless=${HEADLESS}</arg>
<tag>BrowserControl</tag>
<tag>Setter</tag>
<doc>Create a new playwright Browser with specified options.</doc>
<status status="PASS" start="2024-10-28T18:13:40.133817" elapsed="0.018856"/>
</kw>
<kw name="New Context" owner="Browser">
<msg time="2024-10-28T18:13:40.158725" level="INFO">{
  "acceptDownloads": true,
  "bypassCSP": false,
  "forcedColors": "none",
  "ignoreHTTPSErrors": false,
  "javaScriptEnabled": true,
  "offline": false,
  "reducedMotion": "no-preference",
  "serviceWorkers": "allow",
  "viewport": {
    "height": 1080,
    "width": 1920
  }
}</msg>
<msg time="2024-10-28T18:13:40.193136" level="INFO">Successfully created context. </msg>
<msg time="2024-10-28T18:13:40.193136" level="INFO">{'acceptDownloads': True, 'bypassCSP': False, 'forcedColors': 'none', 'ignoreHTTPSErrors': False, 'javaScriptEnabled': True, 'offline': False, 'reducedMotion': 'no-preference', 'serviceWorkers': 'allow', 'viewport': {'height': 1080, 'width': 1920}}</msg>
<arg>viewport={'width': 1920, 'height': 1080}</arg>
<tag>BrowserControl</tag>
<tag>Setter</tag>
<doc>Create a new BrowserContext with specified options.</doc>
<status status="PASS" start="2024-10-28T18:13:40.153712" elapsed="0.040443"/>
</kw>
<kw name="New Page" owner="Browser">
<msg time="2024-10-28T18:13:42.144779" level="INFO">Successfully initialized new page object and opened url: http://localhost:3000</msg>
<arg>${BASE_URL}</arg>
<tag>BrowserControl</tag>
<tag>Setter</tag>
<doc>Open a new Page.</doc>
<status status="PASS" start="2024-10-28T18:13:40.195150" elapsed="1.949629"/>
</kw>
<status status="PASS" start="2024-10-28T18:13:40.133271" elapsed="2.012519"/>
</kw>
<kw name="Login with verify notice">
<kw name="Go to login page" owner="Login">
<kw name="Go To" owner="Browser">
<msg time="2024-10-28T18:13:42.463002" level="INFO">Successfully opened URL http://localhost:3000/login</msg>
<arg>${BASE_URL}/login</arg>
<tag>BrowserControl</tag>
<tag>Setter</tag>
<doc>Navigates to the given ``url``.</doc>
<status status="PASS" start="2024-10-28T18:13:42.149699" elapsed="0.314274"/>
</kw>
<status status="PASS" start="2024-10-28T18:13:42.148650" elapsed="0.315844"/>
</kw>
<kw name="Submit login form" owner="Login">
<kw name="Fill Text" owner="Browser">
<msg time="2024-10-28T18:13:42.469000" level="INFO">Fills the text '' in the given field.</msg>
<arg>css=input[name=email]</arg>
<arg>${email}</arg>
<tag>PageContent</tag>
<tag>Setter</tag>
<doc>Clears and fills the given ``txt`` into the text field found by ``selector``.</doc>
<status status="PASS" start="2024-10-28T18:13:42.465992" elapsed="0.109831"/>
</kw>
<kw name="Fill Text" owner="Browser">
<msg time="2024-10-28T18:13:42.576881" level="INFO">Fills the text '' in the given field.</msg>
<arg>css=input[name=password]</arg>
<arg>${password}</arg>
<tag>PageContent</tag>
<tag>Setter</tag>
<doc>Clears and fills the given ``txt`` into the text field found by ``selector``.</doc>
<status status="PASS" start="2024-10-28T18:13:42.576881" elapsed="0.021315"/>
</kw>
<kw name="Click" owner="Browser">
<msg time="2024-10-28T18:13:42.599210" level="INFO">Clicks the element 'css=button &gt;&gt; text=Entrar'.</msg>
<arg>css=button &gt;&gt; text=Entrar</arg>
<tag>PageContent</tag>
<tag>Setter</tag>
<doc>Simulates mouse click on the element found by ``selector``.</doc>
<status status="PASS" start="2024-10-28T18:13:42.599210" elapsed="0.100292"/>
</kw>
<arg>${email}</arg>
<arg>${password}</arg>
<status status="PASS" start="2024-10-28T18:13:42.464996" elapsed="0.234506"/>
</kw>
<arg>${EMPTY}</arg>
<arg>${EMPTY}</arg>
<arg>Os campos email e senha são obrigatórios.</arg>
<status status="PASS" start="2024-10-28T18:13:42.145790" elapsed="0.553712"/>
</kw>
<kw name="Login with verify notice">
<kw name="Go to login page" owner="Login">
<kw name="Go To" owner="Browser">
<msg time="2024-10-28T18:13:42.935799" level="INFO">Successfully opened URL http://localhost:3000/login</msg>
<arg>${BASE_URL}/login</arg>
<tag>BrowserControl</tag>
<tag>Setter</tag>
<doc>Navigates to the given ``url``.</doc>
<status status="PASS" start="2024-10-28T18:13:42.704682" elapsed="0.232113"/>
</kw>
<status status="PASS" start="2024-10-28T18:13:42.703082" elapsed="0.233713"/>
</kw>
<kw name="Submit login form" owner="Login">
<kw name="Fill Text" owner="Browser">
<msg time="2024-10-28T18:13:42.940364" level="INFO">Fills the text '' in the given field.</msg>
<arg>css=input[name=email]</arg>
<arg>${email}</arg>
<tag>PageContent</tag>
<tag>Setter</tag>
<doc>Clears and fills the given ``txt`` into the text field found by ``selector``.</doc>
<status status="PASS" start="2024-10-28T18:13:42.939366" elapsed="0.090299"/>
</kw>
<kw name="Fill Text" owner="Browser">
<msg time="2024-10-28T18:13:43.035264" level="INFO">Fills the text 'pwd123' in the given field.</msg>
<arg>css=input[name=password]</arg>
<arg>${password}</arg>
<tag>PageContent</tag>
<tag>Setter</tag>
<doc>Clears and fills the given ``txt`` into the text field found by ``selector``.</doc>
<status status="PASS" start="2024-10-28T18:13:43.030672" elapsed="0.047893"/>
</kw>
<kw name="Click" owner="Browser">
<msg time="2024-10-28T18:13:43.078565" level="INFO">Clicks the element 'css=button &gt;&gt; text=Entrar'.</msg>
<arg>css=button &gt;&gt; text=Entrar</arg>
<tag>PageContent</tag>
<tag>Setter</tag>
<doc>Simulates mouse click on the element found by ``selector``.</doc>
<status status="PASS" start="2024-10-28T18:13:43.078565" elapsed="0.069093"/>
</kw>
<arg>${email}</arg>
<arg>${password}</arg>
<status status="PASS" start="2024-10-28T18:13:42.936795" elapsed="0.210863"/>
</kw>
<arg>${EMPTY}</arg>
<arg>pwd123</arg>
<arg>Os campos email e senha são obrigatórios.</arg>
<status status="PASS" start="2024-10-28T18:13:42.699502" elapsed="0.449155"/>
</kw>
<kw name="Login with verify notice">
<kw name="Go to login page" owner="Login">
<kw name="Go To" owner="Browser">
<msg time="2024-10-28T18:13:43.363897" level="INFO">Successfully opened URL http://localhost:3000/login</msg>
<arg>${BASE_URL}/login</arg>
<tag>BrowserControl</tag>
<tag>Setter</tag>
<doc>Navigates to the given ``url``.</doc>
<status status="PASS" start="2024-10-28T18:13:43.157343" elapsed="0.206554"/>
</kw>
<status status="PASS" start="2024-10-28T18:13:43.154286" elapsed="0.209611"/>
</kw>
<kw name="Submit login form" owner="Login">
<kw name="Fill Text" owner="Browser">
<msg time="2024-10-28T18:13:43.368898" level="INFO">Fills the text 'sac@smartibt.com' in the given field.</msg>
<arg>css=input[name=email]</arg>
<arg>${email}</arg>
<tag>PageContent</tag>
<tag>Setter</tag>
<doc>Clears and fills the given ``txt`` into the text field found by ``selector``.</doc>
<status status="PASS" start="2024-10-28T18:13:43.365899" elapsed="0.101201"/>
</kw>
<kw name="Fill Text" owner="Browser">
<msg time="2024-10-28T18:13:43.469110" level="INFO">Fills the text '' in the given field.</msg>
<arg>css=input[name=password]</arg>
<arg>${password}</arg>
<tag>PageContent</tag>
<tag>Setter</tag>
<doc>Clears and fills the given ``txt`` into the text field found by ``selector``.</doc>
<status status="PASS" start="2024-10-28T18:13:43.468101" elapsed="0.042598"/>
</kw>
<kw name="Click" owner="Browser">
<msg time="2024-10-28T18:13:43.513220" level="INFO">Clicks the element 'css=button &gt;&gt; text=Entrar'.</msg>
<arg>css=button &gt;&gt; text=Entrar</arg>
<tag>PageContent</tag>
<tag>Setter</tag>
<doc>Simulates mouse click on the element found by ``selector``.</doc>
<status status="PASS" start="2024-10-28T18:13:43.512328" elapsed="0.102722"/>
</kw>
<arg>${email}</arg>
<arg>${password}</arg>
<status status="PASS" start="2024-10-28T18:13:43.364894" elapsed="0.250156"/>
</kw>
<arg>sac@smartibt.com</arg>
<arg>${EMPTY}</arg>
<arg>Os campos email e senha são obrigatórios.</arg>
<status status="PASS" start="2024-10-28T18:13:43.149657" elapsed="0.465393"/>
</kw>
<kw name="Login with verify notice">
<kw name="Go to login page" owner="Login">
<kw name="Go To" owner="Browser">
<msg time="2024-10-28T18:13:43.848388" level="INFO">Successfully opened URL http://localhost:3000/login</msg>
<arg>${BASE_URL}/login</arg>
<tag>BrowserControl</tag>
<tag>Setter</tag>
<doc>Navigates to the given ``url``.</doc>
<status status="PASS" start="2024-10-28T18:13:43.616036" elapsed="0.233375"/>
</kw>
<status status="PASS" start="2024-10-28T18:13:43.616036" elapsed="0.233375"/>
</kw>
<kw name="Submit login form" owner="Login">
<kw name="Fill Text" owner="Browser">
<msg time="2024-10-28T18:13:43.856737" level="INFO">Fills the text 'www.teste.com.br' in the given field.</msg>
<arg>css=input[name=email]</arg>
<arg>${email}</arg>
<tag>PageContent</tag>
<tag>Setter</tag>
<doc>Clears and fills the given ``txt`` into the text field found by ``selector``.</doc>
<status status="PASS" start="2024-10-28T18:13:43.855065" elapsed="0.075875"/>
</kw>
<kw name="Fill Text" owner="Browser">
<msg time="2024-10-28T18:13:43.931948" level="INFO">Fills the text 'pwd123' in the given field.</msg>
<arg>css=input[name=password]</arg>
<arg>${password}</arg>
<tag>PageContent</tag>
<tag>Setter</tag>
<doc>Clears and fills the given ``txt`` into the text field found by ``selector``.</doc>
<status status="PASS" start="2024-10-28T18:13:43.931948" elapsed="0.036562"/>
</kw>
<kw name="Click" owner="Browser">
<msg time="2024-10-28T18:13:43.971082" level="INFO">Clicks the element 'css=button &gt;&gt; text=Entrar'.</msg>
<arg>css=button &gt;&gt; text=Entrar</arg>
<tag>PageContent</tag>
<tag>Setter</tag>
<doc>Simulates mouse click on the element found by ``selector``.</doc>
<status status="PASS" start="2024-10-28T18:13:43.968510" elapsed="0.112023"/>
</kw>
<arg>${email}</arg>
<arg>${password}</arg>
<status status="PASS" start="2024-10-28T18:13:43.852233" elapsed="0.228300"/>
</kw>
<arg>www.teste.com.br</arg>
<arg>pwd123</arg>
<arg>Oops! O email informado é inválido</arg>
<status status="PASS" start="2024-10-28T18:13:43.615050" elapsed="0.465483"/>
</kw>
<kw name="Login with verify notice">
<kw name="Go to login page" owner="Login">
<kw name="Go To" owner="Browser">
<msg time="2024-10-28T18:13:44.407266" level="INFO">Successfully opened URL http://localhost:3000/login</msg>
<arg>${BASE_URL}/login</arg>
<tag>BrowserControl</tag>
<tag>Setter</tag>
<doc>Navigates to the given ``url``.</doc>
<status status="PASS" start="2024-10-28T18:13:44.086806" elapsed="0.321491"/>
</kw>
<status status="PASS" start="2024-10-28T18:13:44.082574" elapsed="0.326698"/>
</kw>
<kw name="Submit login form" owner="Login">
<kw name="Fill Text" owner="Browser">
<msg time="2024-10-28T18:13:44.415112" level="INFO">Fills the text 'sac&amp;gmail.com' in the given field.</msg>
<arg>css=input[name=email]</arg>
<arg>${email}</arg>
<tag>PageContent</tag>
<tag>Setter</tag>
<doc>Clears and fills the given ``txt`` into the text field found by ``selector``.</doc>
<status status="PASS" start="2024-10-28T18:13:44.413075" elapsed="0.068483"/>
</kw>
<kw name="Fill Text" owner="Browser">
<msg time="2024-10-28T18:13:44.482089" level="INFO">Fills the text 'pwd123' in the given field.</msg>
<arg>css=input[name=password]</arg>
<arg>${password}</arg>
<tag>PageContent</tag>
<tag>Setter</tag>
<doc>Clears and fills the given ``txt`` into the text field found by ``selector``.</doc>
<status status="PASS" start="2024-10-28T18:13:44.482089" elapsed="0.031519"/>
</kw>
<kw name="Click" owner="Browser">
<msg time="2024-10-28T18:13:44.514625" level="INFO">Clicks the element 'css=button &gt;&gt; text=Entrar'.</msg>
<arg>css=button &gt;&gt; text=Entrar</arg>
<tag>PageContent</tag>
<tag>Setter</tag>
<doc>Simulates mouse click on the element found by ``selector``.</doc>
<status status="PASS" start="2024-10-28T18:13:44.513608" elapsed="0.081938"/>
</kw>
<arg>${email}</arg>
<arg>${password}</arg>
<status status="PASS" start="2024-10-28T18:13:44.411778" elapsed="0.183768"/>
</kw>
<arg>sac&amp;gmail.com</arg>
<arg>pwd123</arg>
<arg>Oops! O email informado é inválido</arg>
<status status="PASS" start="2024-10-28T18:13:44.082044" elapsed="0.513502"/>
</kw>
<kw name="Login with verify notice">
<kw name="Go to login page" owner="Login">
<kw name="Go To" owner="Browser">
<msg time="2024-10-28T18:13:44.805946" level="INFO">Successfully opened URL http://localhost:3000/login</msg>
<arg>${BASE_URL}/login</arg>
<tag>BrowserControl</tag>
<tag>Setter</tag>
<doc>Navigates to the given ``url``.</doc>
<status status="PASS" start="2024-10-28T18:13:44.596055" elapsed="0.210894"/>
</kw>
<status status="PASS" start="2024-10-28T18:13:44.596055" elapsed="0.210894"/>
</kw>
<kw name="Submit login form" owner="Login">
<kw name="Fill Text" owner="Browser">
<msg time="2024-10-28T18:13:44.812041" level="INFO">Fills the text 'casdafdsfggfggrr' in the given field.</msg>
<arg>css=input[name=email]</arg>
<arg>${email}</arg>
<tag>PageContent</tag>
<tag>Setter</tag>
<doc>Clears and fills the given ``txt`` into the text field found by ``selector``.</doc>
<status status="PASS" start="2024-10-28T18:13:44.809947" elapsed="0.094417"/>
</kw>
<kw name="Fill Text" owner="Browser">
<msg time="2024-10-28T18:13:44.908401" level="INFO">Fills the text 'pwd123' in the given field.</msg>
<arg>css=input[name=password]</arg>
<arg>${password}</arg>
<tag>PageContent</tag>
<tag>Setter</tag>
<doc>Clears and fills the given ``txt`` into the text field found by ``selector``.</doc>
<status status="PASS" start="2024-10-28T18:13:44.906392" elapsed="0.038121"/>
</kw>
<kw name="Click" owner="Browser">
<msg time="2024-10-28T18:13:44.945515" level="INFO">Clicks the element 'css=button &gt;&gt; text=Entrar'.</msg>
<arg>css=button &gt;&gt; text=Entrar</arg>
<tag>PageContent</tag>
<tag>Setter</tag>
<doc>Simulates mouse click on the element found by ``selector``.</doc>
<status status="PASS" start="2024-10-28T18:13:44.944513" elapsed="0.066827"/>
</kw>
<arg>${email}</arg>
<arg>${password}</arg>
<status status="PASS" start="2024-10-28T18:13:44.807947" elapsed="0.203912"/>
</kw>
<arg>casdafdsfggfggrr</arg>
<arg>pwd123</arg>
<arg>Oops! O email informado é inválido</arg>
<status status="PASS" start="2024-10-28T18:13:44.596055" elapsed="0.415804"/>
</kw>
<kw name="Login with verify notice">
<kw name="Go to login page" owner="Login">
<kw name="Go To" owner="Browser">
<msg time="2024-10-28T18:13:45.237015" level="INFO">Successfully opened URL http://localhost:3000/login</msg>
<arg>${BASE_URL}/login</arg>
<tag>BrowserControl</tag>
<tag>Setter</tag>
<doc>Navigates to the given ``url``.</doc>
<status status="PASS" start="2024-10-28T18:13:45.018910" elapsed="0.219085"/>
</kw>
<status status="PASS" start="2024-10-28T18:13:45.017906" elapsed="0.220089"/>
</kw>
<kw name="Submit login form" owner="Login">
<kw name="Fill Text" owner="Browser">
<msg time="2024-10-28T18:13:45.243100" level="INFO">Fills the text 'fwefef4343wddf32' in the given field.</msg>
<arg>css=input[name=email]</arg>
<arg>${email}</arg>
<tag>PageContent</tag>
<tag>Setter</tag>
<doc>Clears and fills the given ``txt`` into the text field found by ``selector``.</doc>
<status status="PASS" start="2024-10-28T18:13:45.239999" elapsed="0.081154"/>
</kw>
<kw name="Fill Text" owner="Browser">
<msg time="2024-10-28T18:13:45.324212" level="INFO">Fills the text 'pwd123' in the given field.</msg>
<arg>css=input[name=password]</arg>
<arg>${password}</arg>
<tag>PageContent</tag>
<tag>Setter</tag>
<doc>Clears and fills the given ``txt`` into the text field found by ``selector``.</doc>
<status status="PASS" start="2024-10-28T18:13:45.322180" elapsed="0.023805"/>
</kw>
<kw name="Click" owner="Browser">
<msg time="2024-10-28T18:13:45.345985" level="INFO">Clicks the element 'css=button &gt;&gt; text=Entrar'.</msg>
<arg>css=button &gt;&gt; text=Entrar</arg>
<tag>PageContent</tag>
<tag>Setter</tag>
<doc>Simulates mouse click on the element found by ``selector``.</doc>
<status status="PASS" start="2024-10-28T18:13:45.345985" elapsed="0.086495"/>
</kw>
<arg>${email}</arg>
<arg>${password}</arg>
<status status="PASS" start="2024-10-28T18:13:45.239000" elapsed="0.194540"/>
</kw>
<arg>fwefef4343wddf32</arg>
<arg>pwd123</arg>
<arg>Oops! O email informado é inválido</arg>
<status status="PASS" start="2024-10-28T18:13:45.014913" elapsed="0.418895"/>
</kw>
<kw name="Login with verify notice">
<kw name="Go to login page" owner="Login">
<kw name="Go To" owner="Browser">
<msg time="2024-10-28T18:13:45.641809" level="INFO">Successfully opened URL http://localhost:3000/login</msg>
<arg>${BASE_URL}/login</arg>
<tag>BrowserControl</tag>
<tag>Setter</tag>
<doc>Navigates to the given ``url``.</doc>
<status status="PASS" start="2024-10-28T18:13:45.442749" elapsed="0.200087"/>
</kw>
<status status="PASS" start="2024-10-28T18:13:45.441249" elapsed="0.201587"/>
</kw>
<kw name="Submit login form" owner="Login">
<kw name="Fill Text" owner="Browser">
<msg time="2024-10-28T18:13:45.647377" level="INFO">Fills the text '$%#¨%$¨%¨%¨%&amp;¨%*' in the given field.</msg>
<arg>css=input[name=email]</arg>
<arg>${email}</arg>
<tag>PageContent</tag>
<tag>Setter</tag>
<doc>Clears and fills the given ``txt`` into the text field found by ``selector``.</doc>
<status status="PASS" start="2024-10-28T18:13:45.645379" elapsed="0.081456"/>
</kw>
<kw name="Fill Text" owner="Browser">
<msg time="2024-10-28T18:13:45.728838" level="INFO">Fills the text 'pwd123' in the given field.</msg>
<arg>css=input[name=password]</arg>
<arg>${password}</arg>
<tag>PageContent</tag>
<tag>Setter</tag>
<doc>Clears and fills the given ``txt`` into the text field found by ``selector``.</doc>
<status status="PASS" start="2024-10-28T18:13:45.727839" elapsed="0.023793"/>
</kw>
<kw name="Click" owner="Browser">
<msg time="2024-10-28T18:13:45.756244" level="INFO">Clicks the element 'css=button &gt;&gt; text=Entrar'.</msg>
<arg>css=button &gt;&gt; text=Entrar</arg>
<tag>PageContent</tag>
<tag>Setter</tag>
<doc>Simulates mouse click on the element found by ``selector``.</doc>
<status status="PASS" start="2024-10-28T18:13:45.753218" elapsed="0.077026"/>
</kw>
<arg>${email}</arg>
<arg>${password}</arg>
<status status="PASS" start="2024-10-28T18:13:45.644354" elapsed="0.185890"/>
</kw>
<arg>$%#¨%$¨%¨%¨%&amp;¨%*</arg>
<arg>pwd123</arg>
<arg>Oops! O email informado é inválido</arg>
<status status="PASS" start="2024-10-28T18:13:45.438499" elapsed="0.391745"/>
</kw>
<kw name="Login with verify notice">
<kw name="Go to login page" owner="Login">
<kw name="Go To" owner="Browser">
<msg time="2024-10-28T18:13:46.011689" level="INFO">Successfully opened URL http://localhost:3000/login</msg>
<arg>${BASE_URL}/login</arg>
<tag>BrowserControl</tag>
<tag>Setter</tag>
<doc>Navigates to the given ``url``.</doc>
<status status="PASS" start="2024-10-28T18:13:45.832271" elapsed="0.179934"/>
</kw>
<status status="PASS" start="2024-10-28T18:13:45.831761" elapsed="0.180444"/>
</kw>
<kw name="Submit login form" owner="Login">
<kw name="Fill Text" owner="Browser">
<msg time="2024-10-28T18:13:46.029846" level="INFO">Fills the text 'test*gmail.com' in the given field.</msg>
<arg>css=input[name=email]</arg>
<arg>${email}</arg>
<tag>PageContent</tag>
<tag>Setter</tag>
<doc>Clears and fills the given ``txt`` into the text field found by ``selector``.</doc>
<status status="PASS" start="2024-10-28T18:13:46.015241" elapsed="0.122085"/>
</kw>
<kw name="Fill Text" owner="Browser">
<msg time="2024-10-28T18:13:46.139315" level="INFO">Fills the text 'pwd123' in the given field.</msg>
<arg>css=input[name=password]</arg>
<arg>${password}</arg>
<tag>PageContent</tag>
<tag>Setter</tag>
<doc>Clears and fills the given ``txt`` into the text field found by ``selector``.</doc>
<status status="PASS" start="2024-10-28T18:13:46.138324" elapsed="0.026610"/>
</kw>
<kw name="Click" owner="Browser">
<msg time="2024-10-28T18:13:46.165957" level="INFO">Clicks the element 'css=button &gt;&gt; text=Entrar'.</msg>
<arg>css=button &gt;&gt; text=Entrar</arg>
<tag>PageContent</tag>
<tag>Setter</tag>
<doc>Simulates mouse click on the element found by ``selector``.</doc>
<status status="PASS" start="2024-10-28T18:13:46.165443" elapsed="0.080686"/>
</kw>
<arg>${email}</arg>
<arg>${password}</arg>
<status status="PASS" start="2024-10-28T18:13:46.013769" elapsed="0.233829"/>
</kw>
<arg>test*gmail.com</arg>
<arg>pwd123</arg>
<arg>Oops! O email informado é inválido</arg>
<status status="PASS" start="2024-10-28T18:13:45.831250" elapsed="0.416348"/>
</kw>
<kw name="Login with verify notice">
<kw name="Go to login page" owner="Login">
<kw name="Go To" owner="Browser">
<msg time="2024-10-28T18:13:46.408912" level="INFO">Successfully opened URL http://localhost:3000/login</msg>
<arg>${BASE_URL}/login</arg>
<tag>BrowserControl</tag>
<tag>Setter</tag>
<doc>Navigates to the given ``url``.</doc>
<status status="PASS" start="2024-10-28T18:13:46.252190" elapsed="0.156722"/>
</kw>
<status status="PASS" start="2024-10-28T18:13:46.250502" elapsed="0.160945"/>
</kw>
<kw name="Submit login form" owner="Login">
<kw name="Fill Text" owner="Browser">
<msg time="2024-10-28T18:13:46.415865" level="INFO">Fills the text 'yahoo.com@&amp;*' in the given field.</msg>
<arg>css=input[name=email]</arg>
<arg>${email}</arg>
<tag>PageContent</tag>
<tag>Setter</tag>
<doc>Clears and fills the given ``txt`` into the text field found by ``selector``.</doc>
<status status="PASS" start="2024-10-28T18:13:46.414000" elapsed="0.092241"/>
</kw>
<kw name="Fill Text" owner="Browser">
<msg time="2024-10-28T18:13:46.509233" level="INFO">Fills the text 'pwd123' in the given field.</msg>
<arg>css=input[name=password]</arg>
<arg>${password}</arg>
<tag>PageContent</tag>
<tag>Setter</tag>
<doc>Clears and fills the given ``txt`` into the text field found by ``selector``.</doc>
<status status="PASS" start="2024-10-28T18:13:46.507242" elapsed="0.038881"/>
</kw>
<kw name="Click" owner="Browser">
<msg time="2024-10-28T18:13:46.547117" level="INFO">Clicks the element 'css=button &gt;&gt; text=Entrar'.</msg>
<arg>css=button &gt;&gt; text=Entrar</arg>
<tag>PageContent</tag>
<tag>Setter</tag>
<doc>Simulates mouse click on the element found by ``selector``.</doc>
<status status="PASS" start="2024-10-28T18:13:46.546123" elapsed="0.103122"/>
</kw>
<arg>${email}</arg>
<arg>${password}</arg>
<status status="PASS" start="2024-10-28T18:13:46.411999" elapsed="0.237246"/>
</kw>
<arg>yahoo.com@&amp;*</arg>
<arg>pwd123</arg>
<arg>Oops! O email informado é inválido</arg>
<status status="PASS" start="2024-10-28T18:13:46.247598" elapsed="0.402738"/>
</kw>
<kw name="Take Screenshot" owner="Browser" type="TEARDOWN">
<msg time="2024-10-28T18:13:46.930914" level="INFO" html="true">&lt;/td&gt;&lt;/tr&gt;&lt;tr&gt;&lt;td colspan="3"&gt;&lt;a href="browser/screenshot/robotframework-browser-screenshot-4.png" target="_blank"&gt;&lt;img src="browser/screenshot/robotframework-browser-screenshot-4.png" width="800px"/&gt;&lt;/a&gt;</msg>
<tag>PageContent</tag>
<doc>Takes a screenshot of the current window or element and saves it to disk.</doc>
<status status="PASS" start="2024-10-28T18:13:46.651769" elapsed="0.279668"/>
</kw>
<status status="PASS" start="2024-10-28T18:13:40.119776" elapsed="6.812189"/>
</test>
<doc>Cenários de teste do Login SAC</doc>
<status status="PASS" start="2024-10-28T18:13:19.009428" elapsed="28.208977"/>
</suite>
<suite id="s1-s2" name="Memberships" source="C:\QAx\projects\smartbit-robot\web\tests\memberships.robot">
<test id="s1-s2-t1" name="Deve poder realizar uma nova adesão" line="10">
<kw name="Start Session" owner="Base" type="SETUP">
<kw name="New Browser" owner="Browser">
<msg time="2024-10-28T18:13:47.344793" level="INFO">Switching browser to browser=a61b2075-8182-4cb3-ab7a-15a00df0b5b2</msg>
<msg time="2024-10-28T18:13:47.347373" level="INFO">Successfully changed active browser: browser=a61b2075-8182-4cb3-ab7a-15a00df0b5b2</msg>
<msg time="2024-10-28T18:13:47.347373" level="INFO">Reusing existing browser with id: browser=a61b2075-8182-4cb3-ab7a-15a00df0b5b2</msg>
<arg>browser=${BROWSER}</arg>
<arg>headless=${HEADLESS}</arg>
<tag>BrowserControl</tag>
<tag>Setter</tag>
<doc>Create a new playwright Browser with specified options.</doc>
<status status="PASS" start="2024-10-28T18:13:47.343766" elapsed="0.003607"/>
</kw>
<kw name="New Context" owner="Browser">
<msg time="2024-10-28T18:13:47.348840" level="INFO">{
  "acceptDownloads": true,
  "bypassCSP": false,
  "forcedColors": "none",
  "ignoreHTTPSErrors": false,
  "javaScriptEnabled": true,
  "offline": false,
  "reducedMotion": "no-preference",
  "serviceWorkers": "allow",
  "viewport": {
    "height": 1080,
    "width": 1920
  }
}</msg>
<msg time="2024-10-28T18:13:47.373849" level="INFO">Successfully created context. </msg>
<msg time="2024-10-28T18:13:47.373849" level="INFO">{'acceptDownloads': True, 'bypassCSP': False, 'forcedColors': 'none', 'ignoreHTTPSErrors': False, 'javaScriptEnabled': True, 'offline': False, 'reducedMotion': 'no-preference', 'serviceWorkers': 'allow', 'viewport': {'height': 1080, 'width': 1920}}</msg>
<arg>viewport={'width': 1920, 'height': 1080}</arg>
<tag>BrowserControl</tag>
<tag>Setter</tag>
<doc>Create a new BrowserContext with specified options.</doc>
<status status="PASS" start="2024-10-28T18:13:47.347373" elapsed="0.027477"/>
</kw>
<kw name="New Page" owner="Browser">
<msg time="2024-10-28T18:13:49.631476" level="INFO">Successfully initialized new page object and opened url: http://localhost:3000</msg>
<arg>${BASE_URL}</arg>
<tag>BrowserControl</tag>
<tag>Setter</tag>
<doc>Open a new Page.</doc>
<status status="PASS" start="2024-10-28T18:13:47.374850" elapsed="2.257190"/>
</kw>
<status status="PASS" start="2024-10-28T18:13:47.343233" elapsed="2.288807"/>
</kw>
<kw name="Get Json fixture" owner="Base">
<kw name="Load Json From File" owner="JSONLibrary">
<msg time="2024-10-28T18:13:49.642723" level="INFO">${data} = {'create': {'account': {'name': 'Gabriel Machado', 'email': 'gabriel@gmail.com', 'cpf': '05138356011'}, 'plan': {'name': 'Plano Black', 'id': 2, 'price': 79.99}, 'credit_card': {'number': '55555555555...</msg>
<var>${data}</var>
<arg>${EXECDIR}/resources/fixtures/${file_name}.Json</arg>
<doc>Load JSON from file.</doc>
<status status="PASS" start="2024-10-28T18:13:49.635657" elapsed="0.008145"/>
</kw>
<return>
<value>${data}[${scenario}]</value>
<status status="PASS" start="2024-10-28T18:13:49.645872" elapsed="0.001050"/>
</return>
<msg time="2024-10-28T18:13:49.648837" level="INFO">${data} = {'account': {'name': 'Gabriel Machado', 'email': 'gabriel@gmail.com', 'cpf': '05138356011'}, 'plan': {'name': 'Plano Black', 'id': 2, 'price': 79.99}, 'credit_card': {'number': '5555555555554444', 'ho...</msg>
<var>${data}</var>
<arg>memberships</arg>
<arg>create</arg>
<status status="PASS" start="2024-10-28T18:13:49.633626" elapsed="0.015211"/>
</kw>
<kw name="Delete Account By Email" owner="Database">
<arg>${data}[account][email]</arg>
<status status="PASS" start="2024-10-28T18:13:49.653252" elapsed="0.497336"/>
</kw>
<kw name="Insert Account" owner="Database">
<arg>${data}[account]</arg>
<status status="PASS" start="2024-10-28T18:13:50.152053" elapsed="0.077363"/>
</kw>
<kw name="SignIn admin" owner="Base">
<kw name="Go to login page" owner="Login">
<kw name="Go To" owner="Browser">
<msg time="2024-10-28T18:13:50.519339" level="INFO">Successfully opened URL http://localhost:3000/login</msg>
<arg>${BASE_URL}/login</arg>
<tag>BrowserControl</tag>
<tag>Setter</tag>
<doc>Navigates to the given ``url``.</doc>
<status status="PASS" start="2024-10-28T18:13:50.231959" elapsed="0.289371"/>
</kw>
<status status="PASS" start="2024-10-28T18:13:50.231421" elapsed="0.291341"/>
</kw>
<kw name="Submit login form" owner="Login">
<kw name="Fill Text" owner="Browser">
<msg time="2024-10-28T18:13:50.529936" level="INFO">Fills the text 'sac@smartbit.com' in the given field.</msg>
<arg>css=input[name=email]</arg>
<arg>${email}</arg>
<tag>PageContent</tag>
<tag>Setter</tag>
<doc>Clears and fills the given ``txt`` into the text field found by ``selector``.</doc>
<status status="PASS" start="2024-10-28T18:13:50.527968" elapsed="0.122170"/>
</kw>
<kw name="Fill Text" owner="Browser">
<msg time="2024-10-28T18:13:50.652703" level="INFO">Fills the text 'pwd123' in the given field.</msg>
<arg>css=input[name=password]</arg>
<arg>${password}</arg>
<tag>PageContent</tag>
<tag>Setter</tag>
<doc>Clears and fills the given ``txt`` into the text field found by ``selector``.</doc>
<status status="PASS" start="2024-10-28T18:13:50.651155" elapsed="0.030794"/>
</kw>
<kw name="Click" owner="Browser">
<msg time="2024-10-28T18:13:50.684078" level="INFO">Clicks the element 'css=button &gt;&gt; text=Entrar'.</msg>
<arg>css=button &gt;&gt; text=Entrar</arg>
<tag>PageContent</tag>
<tag>Setter</tag>
<doc>Simulates mouse click on the element found by ``selector``.</doc>
<status status="PASS" start="2024-10-28T18:13:50.681949" elapsed="0.124128"/>
</kw>
<arg>${ADMIN_EMAIL}</arg>
<arg>${ADMIN_PASSWORD}</arg>
<status status="PASS" start="2024-10-28T18:13:50.523868" elapsed="0.284203"/>
</kw>
<kw name="User is logged in" owner="Navbar">
<kw name="Set Variable" owner="BuiltIn">
<msg time="2024-10-28T18:13:50.810067" level="INFO">${element} = css=span.logged-user</msg>
<var>${element}</var>
<arg>css=span.logged-user</arg>
<doc>Returns the given values which can then be assigned to a variables.</doc>
<status status="PASS" start="2024-10-28T18:13:50.809067" elapsed="0.001000"/>
</kw>
<kw name="Wait For Elements State" owner="Browser">
<msg time="2024-10-28T18:13:52.204114" level="INFO">Waited for Element with selector css=span.logged-user at state visible</msg>
<arg>${element}</arg>
<arg>visible</arg>
<arg>5</arg>
<tag>PageContent</tag>
<tag>Wait</tag>
<doc>Waits for the element found by ``selector`` to satisfy state option.</doc>
<status status="PASS" start="2024-10-28T18:13:50.810067" elapsed="1.395080"/>
</kw>
<kw name="Get Text" owner="Browser">
<msg time="2024-10-28T18:13:52.248786" level="INFO">Text: 'sac@smartbit.com'</msg>
<arg>${element}</arg>
<arg>equals</arg>
<arg>${email}</arg>
<tag>Assertion</tag>
<tag>Getter</tag>
<tag>PageContent</tag>
<doc>Returns text attribute of the element found by ``selector``.</doc>
<status status="PASS" start="2024-10-28T18:13:52.206132" elapsed="0.043661"/>
</kw>
<arg>${ADMIN_EMAIL}</arg>
<status status="PASS" start="2024-10-28T18:13:50.808071" elapsed="1.441722"/>
</kw>
<status status="PASS" start="2024-10-28T18:13:50.230413" elapsed="2.019380"/>
</kw>
<kw name="Go to memberships" owner="Navbar">
<kw name="Click" owner="Browser">
<msg time="2024-10-28T18:13:52.251866" level="INFO">Clicks the element 'css=a[href='/memberships']'.</msg>
<arg>css=a[href='/memberships']</arg>
<tag>PageContent</tag>
<tag>Setter</tag>
<doc>Simulates mouse click on the element found by ``selector``.</doc>
<status status="PASS" start="2024-10-28T18:13:52.249793" elapsed="0.106211"/>
</kw>
<kw name="Wait For Elements State" owner="Browser">
<msg time="2024-10-28T18:13:52.386488" level="INFO">Waited for Element with selector css=h1 &gt;&gt; text=Matrículas at state visible</msg>
<arg>css=h1 &gt;&gt; text=Matrículas</arg>
<arg>visible</arg>
<arg>5</arg>
<tag>PageContent</tag>
<tag>Wait</tag>
<doc>Waits for the element found by ``selector`` to satisfy state option.</doc>
<status status="PASS" start="2024-10-28T18:13:52.356988" elapsed="0.029500"/>
</kw>
<status status="PASS" start="2024-10-28T18:13:52.249793" elapsed="0.137709"/>
</kw>
<kw name="Create new membership" owner="Memberships">
<kw name="Go to memberships form" owner="Memberships">
<kw name="Click" owner="Browser">
<msg time="2024-10-28T18:13:52.396088" level="INFO">Clicks the element 'css=a[href='/memberships/new']'.</msg>
<arg>css=a[href='/memberships/new']</arg>
<tag>PageContent</tag>
<tag>Setter</tag>
<doc>Simulates mouse click on the element found by ``selector``.</doc>
<status status="PASS" start="2024-10-28T18:13:52.394653" elapsed="0.208182"/>
</kw>
<kw name="Wait For Elements State" owner="Browser">
<msg time="2024-10-28T18:13:52.648671" level="INFO">Waited for Element with selector css=h1 &gt;&gt; text=Nova matrícula at state visible</msg>
<arg>css=h1 &gt;&gt; text=Nova matrícula</arg>
<arg>visible</arg>
<arg>5</arg>
<tag>PageContent</tag>
<tag>Wait</tag>
<doc>Waits for the element found by ``selector`` to satisfy state option.</doc>
<status status="PASS" start="2024-10-28T18:13:52.603860" elapsed="0.044811"/>
</kw>
<status status="PASS" start="2024-10-28T18:13:52.392556" elapsed="0.257130"/>
</kw>
<kw name="Select account" owner="Memberships">
<kw name="Fill Text" owner="Browser">
<msg time="2024-10-28T18:13:52.653767" level="INFO">Fills the text 'Gabriel Machado' in the given field.</msg>
<arg>css=input[aria-label='select_account']</arg>
<arg>${name}</arg>
<tag>PageContent</tag>
<tag>Setter</tag>
<doc>Clears and fills the given ``txt`` into the text field found by ``selector``.</doc>
<status status="PASS" start="2024-10-28T18:13:52.652227" elapsed="0.081701"/>
</kw>
<kw name="Click" owner="Browser">
<msg time="2024-10-28T18:13:52.737944" level="INFO">Clicks the element 'css=[data-testid='05138356011']'.</msg>
<arg>css=[data-testid='${cpf}']</arg>
<tag>PageContent</tag>
<tag>Setter</tag>
<doc>Simulates mouse click on the element found by ``selector``.</doc>
<status status="PASS" start="2024-10-28T18:13:52.735944" elapsed="0.107196"/>
</kw>
<arg>${data}[account][name]</arg>
<arg>${data}[account][cpf]</arg>
<status status="PASS" start="2024-10-28T18:13:52.650694" elapsed="0.192446"/>
</kw>
<kw name="Select plan" owner="Memberships">
<kw name="Fill Text" owner="Browser">
<msg time="2024-10-28T18:13:52.845017" level="INFO">Fills the text 'Plano Black' in the given field.</msg>
<arg>css=[aria-label='select_plan']</arg>
<arg>${plan_name}</arg>
<tag>PageContent</tag>
<tag>Setter</tag>
<doc>Clears and fills the given ``txt`` into the text field found by ``selector``.</doc>
<status status="PASS" start="2024-10-28T18:13:52.844490" elapsed="0.086592"/>
</kw>
<kw name="Click" owner="Browser">
<msg time="2024-10-28T18:13:52.935197" level="INFO">Clicks the element 'css=div[class$=option] &gt;&gt; text=Plano Black'.</msg>
<arg>css=div[class$=option] &gt;&gt; text=${plan_name}</arg>
<tag>PageContent</tag>
<tag>Setter</tag>
<doc>Simulates mouse click on the element found by ``selector``.</doc>
<status status="PASS" start="2024-10-28T18:13:52.931082" elapsed="0.155363"/>
</kw>
<arg>${data}[plan][name]</arg>
<status status="PASS" start="2024-10-28T18:13:52.843140" elapsed="0.244325"/>
</kw>
<kw name="Fill payment card" owner="Memberships">
<kw name="Fill Text" owner="Browser">
<msg time="2024-10-28T18:13:53.091468" level="INFO">Fills the text '5555555555554444' in the given field.</msg>
<arg>css=input[name='card_number']</arg>
<arg>${credit_card}[number]</arg>
<tag>PageContent</tag>
<tag>Setter</tag>
<doc>Clears and fills the given ``txt`` into the text field found by ``selector``.</doc>
<status status="PASS" start="2024-10-28T18:13:53.089466" elapsed="0.053357"/>
</kw>
<kw name="Fill Text" owner="Browser">
<msg time="2024-10-28T18:13:53.145885" level="INFO">Fills the text 'Gabriel Machado' in the given field.</msg>
<arg>css=input[name='card_holder']</arg>
<arg>${credit_card}[holder]</arg>
<tag>PageContent</tag>
<tag>Setter</tag>
<doc>Clears and fills the given ``txt`` into the text field found by ``selector``.</doc>
<status status="PASS" start="2024-10-28T18:13:53.143853" elapsed="0.115888"/>
</kw>
<kw name="Fill Text" owner="Browser">
<msg time="2024-10-28T18:13:53.261802" level="INFO">Fills the text '12' in the given field.</msg>
<arg>css=input[name='card_month']</arg>
<arg>${credit_card}[month]</arg>
<tag>PageContent</tag>
<tag>Setter</tag>
<doc>Clears and fills the given ``txt`` into the text field found by ``selector``.</doc>
<status status="PASS" start="2024-10-28T18:13:53.261265" elapsed="0.050795"/>
</kw>
<kw name="Fill Text" owner="Browser">
<msg time="2024-10-28T18:13:53.314106" level="INFO">Fills the text '2030' in the given field.</msg>
<arg>css=input[name='card_year']</arg>
<arg>${credit_card}[year]</arg>
<tag>PageContent</tag>
<tag>Setter</tag>
<doc>Clears and fills the given ``txt`` into the text field found by ``selector``.</doc>
<status status="PASS" start="2024-10-28T18:13:53.313087" elapsed="0.050883"/>
</kw>
<kw name="Fill Text" owner="Browser">
<msg time="2024-10-28T18:13:53.365788" level="INFO">Fills the text '123' in the given field.</msg>
<arg>css=input[name='card_cvv']</arg>
<arg>${credit_card}[cvv]</arg>
<tag>PageContent</tag>
<tag>Setter</tag>
<doc>Clears and fills the given ``txt`` into the text field found by ``selector``.</doc>
<status status="PASS" start="2024-10-28T18:13:53.364481" elapsed="0.043837"/>
</kw>
<arg>${data}[credit_card]</arg>
<status status="PASS" start="2024-10-28T18:13:53.088467" elapsed="0.319851"/>
</kw>
<kw name="Click" owner="Browser">
<msg time="2024-10-28T18:13:53.410340" level="INFO">Clicks the element 'css=button[type='submit'] &gt;&gt; text=CADASTRAR'.</msg>
<arg>css=button[type='submit'] &gt;&gt; text=CADASTRAR</arg>
<tag>PageContent</tag>
<tag>Setter</tag>
<doc>Simulates mouse click on the element found by ``selector``.</doc>
<status status="PASS" start="2024-10-28T18:13:53.409332" elapsed="0.067785"/>
</kw>
<arg>${data}</arg>
<status status="PASS" start="2024-10-28T18:13:52.391010" elapsed="1.086107"/>
</kw>
<kw name="Toast should be" owner="Toast">
<kw name="Wait For Elements State" owner="Browser">
<msg time="2024-10-28T18:13:53.726123" level="INFO">Waited for Element with selector css=.Toastify__toast-body at state visible</msg>
<arg>css=.Toastify__toast-body</arg>
<arg>visible</arg>
<arg>5</arg>
<tag>PageContent</tag>
<tag>Wait</tag>
<doc>Waits for the element found by ``selector`` to satisfy state option.</doc>
<status status="PASS" start="2024-10-28T18:13:53.481116" elapsed="0.245007"/>
</kw>
<kw name="Get Text" owner="Browser">
<msg time="2024-10-28T18:13:53.754809" level="INFO">Text: 'Matrícula cadastrada com sucesso.'</msg>
<arg>css=.Toastify__toast-body</arg>
<arg>equal</arg>
<arg>${expected_text}</arg>
<tag>Assertion</tag>
<tag>Getter</tag>
<tag>PageContent</tag>
<doc>Returns text attribute of the element found by ``selector``.</doc>
<status status="PASS" start="2024-10-28T18:13:53.726123" elapsed="0.028686"/>
</kw>
<arg>Matrícula cadastrada com sucesso.</arg>
<status status="PASS" start="2024-10-28T18:13:53.478123" elapsed="0.276686"/>
</kw>
<kw name="Sleep" owner="BuiltIn">
<msg time="2024-10-28T18:13:56.756452" level="INFO">Slept 3 seconds.</msg>
<arg>3</arg>
<doc>Pauses the test executed for the given time.</doc>
<status status="PASS" start="2024-10-28T18:13:53.756327" elapsed="3.000125"/>
</kw>
<kw name="Take Screenshot" owner="Browser" type="TEARDOWN">
<msg time="2024-10-28T18:13:57.072221" level="INFO" html="true">&lt;/td&gt;&lt;/tr&gt;&lt;tr&gt;&lt;td colspan="3"&gt;&lt;a href="browser/screenshot/robotframework-browser-screenshot-5.png" target="_blank"&gt;&lt;img src="browser/screenshot/robotframework-browser-screenshot-5.png" width="800px"/&gt;&lt;/a&gt;</msg>
<tag>PageContent</tag>
<doc>Takes a screenshot of the current window or element and saves it to disk.</doc>
<status status="PASS" start="2024-10-28T18:13:56.757982" elapsed="0.314239"/>
</kw>
<status status="PASS" start="2024-10-28T18:13:47.335807" elapsed="9.737431"/>
</test>
<test id="s1-s2-t2" name="Não deve realizar adesão duplicada" line="25">
<kw name="Start Session" owner="Base" type="SETUP">
<kw name="New Browser" owner="Browser">
<msg time="2024-10-28T18:13:57.309331" level="INFO">Switching browser to browser=a61b2075-8182-4cb3-ab7a-15a00df0b5b2</msg>
<msg time="2024-10-28T18:13:57.317635" level="INFO">Successfully changed active browser: browser=a61b2075-8182-4cb3-ab7a-15a00df0b5b2</msg>
<msg time="2024-10-28T18:13:57.318431" level="INFO">Reusing existing browser with id: browser=a61b2075-8182-4cb3-ab7a-15a00df0b5b2</msg>
<arg>browser=${BROWSER}</arg>
<arg>headless=${HEADLESS}</arg>
<tag>BrowserControl</tag>
<tag>Setter</tag>
<doc>Create a new playwright Browser with specified options.</doc>
<status status="PASS" start="2024-10-28T18:13:57.304982" elapsed="0.014099"/>
</kw>
<kw name="New Context" owner="Browser">
<msg time="2024-10-28T18:13:57.324635" level="INFO">{
  "acceptDownloads": true,
  "bypassCSP": false,
  "forcedColors": "none",
  "ignoreHTTPSErrors": false,
  "javaScriptEnabled": true,
  "offline": false,
  "reducedMotion": "no-preference",
  "serviceWorkers": "allow",
  "viewport": {
    "height": 1080,
    "width": 1920
  }
}</msg>
<msg time="2024-10-28T18:13:57.363699" level="INFO">Successfully created context. </msg>
<msg time="2024-10-28T18:13:57.365701" level="INFO">{'acceptDownloads': True, 'bypassCSP': False, 'forcedColors': 'none', 'ignoreHTTPSErrors': False, 'javaScriptEnabled': True, 'offline': False, 'reducedMotion': 'no-preference', 'serviceWorkers': 'allow', 'viewport': {'height': 1080, 'width': 1920}}</msg>
<arg>viewport={'width': 1920, 'height': 1080}</arg>
<tag>BrowserControl</tag>
<tag>Setter</tag>
<doc>Create a new BrowserContext with specified options.</doc>
<status status="PASS" start="2024-10-28T18:13:57.321066" elapsed="0.045631"/>
</kw>
<kw name="New Page" owner="Browser">
<msg time="2024-10-28T18:13:58.994187" level="INFO">Successfully initialized new page object and opened url: http://localhost:3000</msg>
<arg>${BASE_URL}</arg>
<tag>BrowserControl</tag>
<tag>Setter</tag>
<doc>Open a new Page.</doc>
<status status="PASS" start="2024-10-28T18:13:57.368693" elapsed="1.625494"/>
</kw>
<status status="PASS" start="2024-10-28T18:13:57.301870" elapsed="1.692317"/>
</kw>
<kw name="Get Json fixture" owner="Base">
<kw name="Load Json From File" owner="JSONLibrary">
<msg time="2024-10-28T18:13:59.001466" level="INFO">${data} = {'create': {'account': {'name': 'Gabriel Machado', 'email': 'gabriel@gmail.com', 'cpf': '05138356011'}, 'plan': {'name': 'Plano Black', 'id': 2, 'price': 79.99}, 'credit_card': {'number': '55555555555...</msg>
<var>${data}</var>
<arg>${EXECDIR}/resources/fixtures/${file_name}.Json</arg>
<doc>Load JSON from file.</doc>
<status status="PASS" start="2024-10-28T18:13:58.996404" elapsed="0.005663"/>
</kw>
<return>
<value>${data}[${scenario}]</value>
<status status="PASS" start="2024-10-28T18:13:59.003055" elapsed="0.000000"/>
</return>
<msg time="2024-10-28T18:13:59.004564" level="INFO">${data} = {'account': {'name': 'Julia Machado', 'email': 'julia@gmail.com', 'cpf': '32477162039'}, 'plan': {'name': 'Plano Smart', 'id': '1', 'price': 99.99}, 'credit_card': {'number': '5555555555554444', 'hold...</msg>
<var>${data}</var>
<arg>memberships</arg>
<arg>duplicate</arg>
<status status="PASS" start="2024-10-28T18:13:58.995199" elapsed="0.009365"/>
</kw>
<kw name="Insert Membership" owner="Database">
<arg>${data}</arg>
<status status="PASS" start="2024-10-28T18:13:59.008081" elapsed="0.265803"/>
</kw>
<kw name="SignIn admin" owner="Base">
<kw name="Go to login page" owner="Login">
<kw name="Go To" owner="Browser">
<msg time="2024-10-28T18:13:59.615540" level="INFO">Successfully opened URL http://localhost:3000/login</msg>
<arg>${BASE_URL}/login</arg>
<tag>BrowserControl</tag>
<tag>Setter</tag>
<doc>Navigates to the given ``url``.</doc>
<status status="PASS" start="2024-10-28T18:13:59.321204" elapsed="0.295331"/>
</kw>
<status status="PASS" start="2024-10-28T18:13:59.319611" elapsed="0.296924"/>
</kw>
<kw name="Submit login form" owner="Login">
<kw name="Fill Text" owner="Browser">
<msg time="2024-10-28T18:13:59.621997" level="INFO">Fills the text 'sac@smartbit.com' in the given field.</msg>
<arg>css=input[name=email]</arg>
<arg>${email}</arg>
<tag>PageContent</tag>
<tag>Setter</tag>
<doc>Clears and fills the given ``txt`` into the text field found by ``selector``.</doc>
<status status="PASS" start="2024-10-28T18:13:59.619894" elapsed="0.108577"/>
</kw>
<kw name="Fill Text" owner="Browser">
<msg time="2024-10-28T18:13:59.729472" level="INFO">Fills the text 'pwd123' in the given field.</msg>
<arg>css=input[name=password]</arg>
<arg>${password}</arg>
<tag>PageContent</tag>
<tag>Setter</tag>
<doc>Clears and fills the given ``txt`` into the text field found by ``selector``.</doc>
<status status="PASS" start="2024-10-28T18:13:59.728471" elapsed="0.033794"/>
</kw>
<kw name="Click" owner="Browser">
<msg time="2024-10-28T18:13:59.763335" level="INFO">Clicks the element 'css=button &gt;&gt; text=Entrar'.</msg>
<arg>css=button &gt;&gt; text=Entrar</arg>
<tag>PageContent</tag>
<tag>Setter</tag>
<doc>Simulates mouse click on the element found by ``selector``.</doc>
<status status="PASS" start="2024-10-28T18:13:59.762792" elapsed="0.097655"/>
</kw>
<arg>${ADMIN_EMAIL}</arg>
<arg>${ADMIN_PASSWORD}</arg>
<status status="PASS" start="2024-10-28T18:13:59.617860" elapsed="0.243099"/>
</kw>
<kw name="User is logged in" owner="Navbar">
<kw name="Set Variable" owner="BuiltIn">
<msg time="2024-10-28T18:13:59.862631" level="INFO">${element} = css=span.logged-user</msg>
<var>${element}</var>
<arg>css=span.logged-user</arg>
<doc>Returns the given values which can then be assigned to a variables.</doc>
<status status="PASS" start="2024-10-28T18:13:59.861476" elapsed="0.001155"/>
</kw>
<kw name="Wait For Elements State" owner="Browser">
<msg time="2024-10-28T18:14:01.236555" level="INFO">Waited for Element with selector css=span.logged-user at state visible</msg>
<arg>${element}</arg>
<arg>visible</arg>
<arg>5</arg>
<tag>PageContent</tag>
<tag>Wait</tag>
<doc>Waits for the element found by ``selector`` to satisfy state option.</doc>
<status status="PASS" start="2024-10-28T18:13:59.862631" elapsed="1.375250"/>
</kw>
<kw name="Get Text" owner="Browser">
<msg time="2024-10-28T18:14:01.272915" level="INFO">Text: 'sac@smartbit.com'</msg>
<arg>${element}</arg>
<arg>equals</arg>
<arg>${email}</arg>
<tag>Assertion</tag>
<tag>Getter</tag>
<tag>PageContent</tag>
<doc>Returns text attribute of the element found by ``selector``.</doc>
<status status="PASS" start="2024-10-28T18:14:01.238394" elapsed="0.035058"/>
</kw>
<arg>${ADMIN_EMAIL}</arg>
<status status="PASS" start="2024-10-28T18:13:59.860959" elapsed="1.412493"/>
</kw>
<status status="PASS" start="2024-10-28T18:13:59.319611" elapsed="1.953841"/>
</kw>
<kw name="Go to memberships" owner="Navbar">
<kw name="Click" owner="Browser">
<msg time="2024-10-28T18:14:01.275093" level="INFO">Clicks the element 'css=a[href='/memberships']'.</msg>
<arg>css=a[href='/memberships']</arg>
<tag>PageContent</tag>
<tag>Setter</tag>
<doc>Simulates mouse click on the element found by ``selector``.</doc>
<status status="PASS" start="2024-10-28T18:14:01.274542" elapsed="0.096583"/>
</kw>
<kw name="Wait For Elements State" owner="Browser">
<msg time="2024-10-28T18:14:01.444985" level="INFO">Waited for Element with selector css=h1 &gt;&gt; text=Matrículas at state visible</msg>
<arg>css=h1 &gt;&gt; text=Matrículas</arg>
<arg>visible</arg>
<arg>5</arg>
<tag>PageContent</tag>
<tag>Wait</tag>
<doc>Waits for the element found by ``selector`` to satisfy state option.</doc>
<status status="PASS" start="2024-10-28T18:14:01.372612" elapsed="0.072373"/>
</kw>
<status status="PASS" start="2024-10-28T18:14:01.274007" elapsed="0.170978"/>
</kw>
<kw name="Create new membership" owner="Memberships">
<kw name="Go to memberships form" owner="Memberships">
<kw name="Click" owner="Browser">
<msg time="2024-10-28T18:14:01.449001" level="INFO">Clicks the element 'css=a[href='/memberships/new']'.</msg>
<arg>css=a[href='/memberships/new']</arg>
<tag>PageContent</tag>
<tag>Setter</tag>
<doc>Simulates mouse click on the element found by ``selector``.</doc>
<status status="PASS" start="2024-10-28T18:14:01.446006" elapsed="0.163430"/>
</kw>
<kw name="Wait For Elements State" owner="Browser">
<msg time="2024-10-28T18:14:01.641852" level="INFO">Waited for Element with selector css=h1 &gt;&gt; text=Nova matrícula at state visible</msg>
<arg>css=h1 &gt;&gt; text=Nova matrícula</arg>
<arg>visible</arg>
<arg>5</arg>
<tag>PageContent</tag>
<tag>Wait</tag>
<doc>Waits for the element found by ``selector`` to satisfy state option.</doc>
<status status="PASS" start="2024-10-28T18:14:01.609436" elapsed="0.033419"/>
</kw>
<status status="PASS" start="2024-10-28T18:14:01.446006" elapsed="0.197878"/>
</kw>
<kw name="Select account" owner="Memberships">
<kw name="Fill Text" owner="Browser">
<msg time="2024-10-28T18:14:01.645741" level="INFO">Fills the text 'Julia Machado' in the given field.</msg>
<arg>css=input[aria-label='select_account']</arg>
<arg>${name}</arg>
<tag>PageContent</tag>
<tag>Setter</tag>
<doc>Clears and fills the given ``txt`` into the text field found by ``selector``.</doc>
<status status="PASS" start="2024-10-28T18:14:01.645741" elapsed="0.064506"/>
</kw>
<kw name="Click" owner="Browser">
<msg time="2024-10-28T18:14:01.711809" level="INFO">Clicks the element 'css=[data-testid='32477162039']'.</msg>
<arg>css=[data-testid='${cpf}']</arg>
<tag>PageContent</tag>
<tag>Setter</tag>
<doc>Simulates mouse click on the element found by ``selector``.</doc>
<status status="PASS" start="2024-10-28T18:14:01.711264" elapsed="0.096212"/>
</kw>
<arg>${data}[account][name]</arg>
<arg>${data}[account][cpf]</arg>
<status status="PASS" start="2024-10-28T18:14:01.643955" elapsed="0.163521"/>
</kw>
<kw name="Select plan" owner="Memberships">
<kw name="Fill Text" owner="Browser">
<msg time="2024-10-28T18:14:01.808953" level="INFO">Fills the text 'Plano Smart' in the given field.</msg>
<arg>css=[aria-label='select_plan']</arg>
<arg>${plan_name}</arg>
<tag>PageContent</tag>
<tag>Setter</tag>
<doc>Clears and fills the given ``txt`` into the text field found by ``selector``.</doc>
<status status="PASS" start="2024-10-28T18:14:01.807476" elapsed="0.043515"/>
</kw>
<kw name="Click" owner="Browser">
<msg time="2024-10-28T18:14:01.853566" level="INFO">Clicks the element 'css=div[class$=option] &gt;&gt; text=Plano Smart'.</msg>
<arg>css=div[class$=option] &gt;&gt; text=${plan_name}</arg>
<tag>PageContent</tag>
<tag>Setter</tag>
<doc>Simulates mouse click on the element found by ``selector``.</doc>
<status status="PASS" start="2024-10-28T18:14:01.852019" elapsed="0.104979"/>
</kw>
<arg>${data}[plan][name]</arg>
<status status="PASS" start="2024-10-28T18:14:01.807476" elapsed="0.149522"/>
</kw>
<kw name="Fill payment card" owner="Memberships">
<kw name="Fill Text" owner="Browser">
<msg time="2024-10-28T18:14:01.958994" level="INFO">Fills the text '5555555555554444' in the given field.</msg>
<arg>css=input[name='card_number']</arg>
<arg>${credit_card}[number]</arg>
<tag>PageContent</tag>
<tag>Setter</tag>
<doc>Clears and fills the given ``txt`` into the text field found by ``selector``.</doc>
<status status="PASS" start="2024-10-28T18:14:01.957993" elapsed="0.036920"/>
</kw>
<kw name="Fill Text" owner="Browser">
<msg time="2024-10-28T18:14:01.995919" level="INFO">Fills the text 'Julia Machado' in the given field.</msg>
<arg>css=input[name='card_holder']</arg>
<arg>${credit_card}[holder]</arg>
<tag>PageContent</tag>
<tag>Setter</tag>
<doc>Clears and fills the given ``txt`` into the text field found by ``selector``.</doc>
<status status="PASS" start="2024-10-28T18:14:01.994913" elapsed="0.033128"/>
</kw>
<kw name="Fill Text" owner="Browser">
<msg time="2024-10-28T18:14:02.028550" level="INFO">Fills the text '12' in the given field.</msg>
<arg>css=input[name='card_month']</arg>
<arg>${credit_card}[month]</arg>
<tag>PageContent</tag>
<tag>Setter</tag>
<doc>Clears and fills the given ``txt`` into the text field found by ``selector``.</doc>
<status status="PASS" start="2024-10-28T18:14:02.028550" elapsed="0.033271"/>
</kw>
<kw name="Fill Text" owner="Browser">
<msg time="2024-10-28T18:14:02.062835" level="INFO">Fills the text '2030' in the given field.</msg>
<arg>css=input[name='card_year']</arg>
<arg>${credit_card}[year]</arg>
<tag>PageContent</tag>
<tag>Setter</tag>
<doc>Clears and fills the given ``txt`` into the text field found by ``selector``.</doc>
<status status="PASS" start="2024-10-28T18:14:02.062835" elapsed="0.034842"/>
</kw>
<kw name="Fill Text" owner="Browser">
<msg time="2024-10-28T18:14:02.101209" level="INFO">Fills the text '123' in the given field.</msg>
<arg>css=input[name='card_cvv']</arg>
<arg>${credit_card}[cvv]</arg>
<tag>PageContent</tag>
<tag>Setter</tag>
<doc>Clears and fills the given ``txt`` into the text field found by ``selector``.</doc>
<status status="PASS" start="2024-10-28T18:14:02.098697" elapsed="0.028162"/>
</kw>
<arg>${data}[credit_card]</arg>
<status status="PASS" start="2024-10-28T18:14:01.956998" elapsed="0.169861"/>
</kw>
<kw name="Click" owner="Browser">
<msg time="2024-10-28T18:14:02.127866" level="INFO">Clicks the element 'css=button[type='submit'] &gt;&gt; text=CADASTRAR'.</msg>
<arg>css=button[type='submit'] &gt;&gt; text=CADASTRAR</arg>
<tag>PageContent</tag>
<tag>Setter</tag>
<doc>Simulates mouse click on the element found by ``selector``.</doc>
<status status="PASS" start="2024-10-28T18:14:02.127866" elapsed="0.068132"/>
</kw>
<arg>${data}</arg>
<status status="PASS" start="2024-10-28T18:14:01.446006" elapsed="0.749992"/>
</kw>
<kw name="Toast should be" owner="Toast">
<kw name="Wait For Elements State" owner="Browser">
<msg time="2024-10-28T18:14:02.232086" level="INFO">Waited for Element with selector css=.Toastify__toast-body at state visible</msg>
<arg>css=.Toastify__toast-body</arg>
<arg>visible</arg>
<arg>5</arg>
<tag>PageContent</tag>
<tag>Wait</tag>
<doc>Waits for the element found by ``selector`` to satisfy state option.</doc>
<status status="PASS" start="2024-10-28T18:14:02.202218" elapsed="0.030389"/>
</kw>
<kw name="Get Text" owner="Browser">
<msg time="2024-10-28T18:14:02.279851" level="INFO">Text: 'O usuário já possui matrícula.'</msg>
<arg>css=.Toastify__toast-body</arg>
<arg>equal</arg>
<arg>${expected_text}</arg>
<tag>Assertion</tag>
<tag>Getter</tag>
<tag>PageContent</tag>
<doc>Returns text attribute of the element found by ``selector``.</doc>
<status status="PASS" start="2024-10-28T18:14:02.233630" elapsed="0.046754"/>
</kw>
<arg>O usuário já possui matrícula.</arg>
<status status="PASS" start="2024-10-28T18:14:02.199010" elapsed="0.081374"/>
</kw>
<kw name="Take Screenshot" owner="Browser" type="TEARDOWN">
<msg time="2024-10-28T18:14:02.568190" level="INFO" html="true">&lt;/td&gt;&lt;/tr&gt;&lt;tr&gt;&lt;td colspan="3"&gt;&lt;a href="browser/screenshot/robotframework-browser-screenshot-6.png" target="_blank"&gt;&lt;img src="browser/screenshot/robotframework-browser-screenshot-6.png" width="800px"/&gt;&lt;/a&gt;</msg>
<tag>PageContent</tag>
<doc>Takes a screenshot of the current window or element and saves it to disk.</doc>
<status status="PASS" start="2024-10-28T18:14:02.280912" elapsed="0.287278"/>
</kw>
<tag>dup</tag>
<status status="PASS" start="2024-10-28T18:13:57.286961" elapsed="5.282722"/>
</test>
<test id="s1-s2-t3" name="Deve buscar por nome" line="36">
<kw name="Start Session" owner="Base" type="SETUP">
<kw name="New Browser" owner="Browser">
<msg time="2024-10-28T18:14:02.797513" level="INFO">Switching browser to browser=a61b2075-8182-4cb3-ab7a-15a00df0b5b2</msg>
<msg time="2024-10-28T18:14:02.803914" level="INFO">Successfully changed active browser: browser=a61b2075-8182-4cb3-ab7a-15a00df0b5b2</msg>
<msg time="2024-10-28T18:14:02.803914" level="INFO">Reusing existing browser with id: browser=a61b2075-8182-4cb3-ab7a-15a00df0b5b2</msg>
<arg>browser=${BROWSER}</arg>
<arg>headless=${HEADLESS}</arg>
<tag>BrowserControl</tag>
<tag>Setter</tag>
<doc>Create a new playwright Browser with specified options.</doc>
<status status="PASS" start="2024-10-28T18:14:02.795830" elapsed="0.008084"/>
</kw>
<kw name="New Context" owner="Browser">
<msg time="2024-10-28T18:14:02.808954" level="INFO">{
  "acceptDownloads": true,
  "bypassCSP": false,
  "forcedColors": "none",
  "ignoreHTTPSErrors": false,
  "javaScriptEnabled": true,
  "offline": false,
  "reducedMotion": "no-preference",
  "serviceWorkers": "allow",
  "viewport": {
    "height": 1080,
    "width": 1920
  }
}</msg>
<msg time="2024-10-28T18:14:02.843112" level="INFO">Successfully created context. </msg>
<msg time="2024-10-28T18:14:02.843112" level="INFO">{'acceptDownloads': True, 'bypassCSP': False, 'forcedColors': 'none', 'ignoreHTTPSErrors': False, 'javaScriptEnabled': True, 'offline': False, 'reducedMotion': 'no-preference', 'serviceWorkers': 'allow', 'viewport': {'height': 1080, 'width': 1920}}</msg>
<arg>viewport={'width': 1920, 'height': 1080}</arg>
<tag>BrowserControl</tag>
<tag>Setter</tag>
<doc>Create a new BrowserContext with specified options.</doc>
<status status="PASS" start="2024-10-28T18:14:02.804950" elapsed="0.038162"/>
</kw>
<kw name="New Page" owner="Browser">
<msg time="2024-10-28T18:14:04.343242" level="INFO">Successfully initialized new page object and opened url: http://localhost:3000</msg>
<arg>${BASE_URL}</arg>
<tag>BrowserControl</tag>
<tag>Setter</tag>
<doc>Open a new Page.</doc>
<status status="PASS" start="2024-10-28T18:14:02.844107" elapsed="1.499675"/>
</kw>
<status status="PASS" start="2024-10-28T18:14:02.792188" elapsed="1.551594"/>
</kw>
<kw name="Get Json fixture" owner="Base">
<kw name="Load Json From File" owner="JSONLibrary">
<msg time="2024-10-28T18:14:04.345772" level="INFO">${data} = {'create': {'account': {'name': 'Gabriel Machado', 'email': 'gabriel@gmail.com', 'cpf': '05138356011'}, 'plan': {'name': 'Plano Black', 'id': 2, 'price': 79.99}, 'credit_card': {'number': '55555555555...</msg>
<var>${data}</var>
<arg>${EXECDIR}/resources/fixtures/${file_name}.Json</arg>
<doc>Load JSON from file.</doc>
<status status="PASS" start="2024-10-28T18:14:04.343782" elapsed="0.001990"/>
</kw>
<return>
<value>${data}[${scenario}]</value>
<status status="PASS" start="2024-10-28T18:14:04.345772" elapsed="0.000000"/>
</return>
<msg time="2024-10-28T18:14:04.345772" level="INFO">${data} = {'account': {'name': 'Diego Machado', 'email': 'diego@gmail.com', 'cpf': '79845064000'}, 'plan': {'name': 'Plano Smart', 'id': '1', 'price': 99.99}, 'credit_card': {'number': '5555555555554444', 'hold...</msg>
<var>${data}</var>
<arg>memberships</arg>
<arg>search</arg>
<status status="PASS" start="2024-10-28T18:14:04.343782" elapsed="0.001990"/>
</kw>
<kw name="Insert Membership" owner="Database">
<arg>${data}</arg>
<status status="PASS" start="2024-10-28T18:14:04.347477" elapsed="0.064360"/>
</kw>
<kw name="SignIn admin" owner="Base">
<kw name="Go to login page" owner="Login">
<kw name="Go To" owner="Browser">
<msg time="2024-10-28T18:14:04.621036" level="INFO">Successfully opened URL http://localhost:3000/login</msg>
<arg>${BASE_URL}/login</arg>
<tag>BrowserControl</tag>
<tag>Setter</tag>
<doc>Navigates to the given ``url``.</doc>
<status status="PASS" start="2024-10-28T18:14:04.419024" elapsed="0.203014"/>
</kw>
<status status="PASS" start="2024-10-28T18:14:04.417052" elapsed="0.205506"/>
</kw>
<kw name="Submit login form" owner="Login">
<kw name="Fill Text" owner="Browser">
<msg time="2024-10-28T18:14:04.625574" level="INFO">Fills the text 'sac@smartbit.com' in the given field.</msg>
<arg>css=input[name=email]</arg>
<arg>${email}</arg>
<tag>PageContent</tag>
<tag>Setter</tag>
<doc>Clears and fills the given ``txt`` into the text field found by ``selector``.</doc>
<status status="PASS" start="2024-10-28T18:14:04.624571" elapsed="0.087546"/>
</kw>
<kw name="Fill Text" owner="Browser">
<msg time="2024-10-28T18:14:04.712117" level="INFO">Fills the text 'pwd123' in the given field.</msg>
<arg>css=input[name=password]</arg>
<arg>${password}</arg>
<tag>PageContent</tag>
<tag>Setter</tag>
<doc>Clears and fills the given ``txt`` into the text field found by ``selector``.</doc>
<status status="PASS" start="2024-10-28T18:14:04.712117" elapsed="0.030153"/>
</kw>
<kw name="Click" owner="Browser">
<msg time="2024-10-28T18:14:04.743405" level="INFO">Clicks the element 'css=button &gt;&gt; text=Entrar'.</msg>
<arg>css=button &gt;&gt; text=Entrar</arg>
<tag>PageContent</tag>
<tag>Setter</tag>
<doc>Simulates mouse click on the element found by ``selector``.</doc>
<status status="PASS" start="2024-10-28T18:14:04.742270" elapsed="0.086185"/>
</kw>
<arg>${ADMIN_EMAIL}</arg>
<arg>${ADMIN_PASSWORD}</arg>
<status status="PASS" start="2024-10-28T18:14:04.623575" elapsed="0.204880"/>
</kw>
<kw name="User is logged in" owner="Navbar">
<kw name="Set Variable" owner="BuiltIn">
<msg time="2024-10-28T18:14:04.828983" level="INFO">${element} = css=span.logged-user</msg>
<var>${element}</var>
<arg>css=span.logged-user</arg>
<doc>Returns the given values which can then be assigned to a variables.</doc>
<status status="PASS" start="2024-10-28T18:14:04.828983" elapsed="0.000000"/>
</kw>
<kw name="Wait For Elements State" owner="Browser">
<msg time="2024-10-28T18:14:06.191053" level="INFO">Waited for Element with selector css=span.logged-user at state visible</msg>
<arg>${element}</arg>
<arg>visible</arg>
[...]
<doc>Returns text attribute of the element found by ``selector``.</doc>
<status status="PASS" start="2024-10-28T18:14:26.062994" elapsed="0.026142"/>
</kw>
<kw name="Fill Text" owner="Browser">
<msg time="2024-10-28T18:14:26.090684" level="INFO">Fills the text 'Diego machado' in the given field.</msg>
<arg>id=name</arg>
<arg>${account}[name]</arg>
<tag>PageContent</tag>
<tag>Setter</tag>
<doc>Clears and fills the given ``txt`` into the text field found by ``selector``.</doc>
<status status="PASS" start="2024-10-28T18:14:26.090156" elapsed="0.020998"/>
</kw>
<kw name="Fill Text" owner="Browser">
<msg time="2024-10-28T18:14:26.113819" level="INFO">Fills the text 'machado.dc@gmail.com' in the given field.</msg>
<arg>id=email</arg>
<arg>${account}[email]</arg>
<tag>PageContent</tag>
<tag>Setter</tag>
<doc>Clears and fills the given ``txt`` into the text field found by ``selector``.</doc>
<status status="PASS" start="2024-10-28T18:14:26.111154" elapsed="0.025448"/>
</kw>
<kw name="Fill Text" owner="Browser">
<msg time="2024-10-28T18:14:26.137596" level="INFO">Fills the text '12456754009' in the given field.</msg>
<arg>id=cpf</arg>
<arg>${account}[cpf]</arg>
<tag>PageContent</tag>
<tag>Setter</tag>
<doc>Clears and fills the given ``txt`` into the text field found by ``selector``.</doc>
<status status="PASS" start="2024-10-28T18:14:26.136602" elapsed="0.017727"/>
</kw>
<kw name="Click" owner="Browser">
<msg time="2024-10-28T18:14:26.154329" level="INFO">Clicks the element 'css=button &gt;&gt; text=Cadastrar'.</msg>
<arg>css=button &gt;&gt; text=Cadastrar</arg>
<tag>PageContent</tag>
<tag>Setter</tag>
<doc>Simulates mouse click on the element found by ``selector``.</doc>
<status status="PASS" start="2024-10-28T18:14:26.154329" elapsed="0.042949"/>
</kw>
<arg>${account}</arg>
<status status="PASS" start="2024-10-28T18:14:26.061961" elapsed="0.135317"/>
</kw>
<kw name="Notice should be" owner="BoxNotice">
<kw name="Set Variable" owner="BuiltIn">
<msg time="2024-10-28T18:14:26.199295" level="INFO">${element} = css=form .notice</msg>
<var>${element}</var>
<arg>css=form .notice</arg>
<doc>Returns the given values which can then be assigned to a variables.</doc>
<status status="PASS" start="2024-10-28T18:14:26.199295" elapsed="0.000000"/>
</kw>
<kw name="Wait For Elements State" owner="Browser">
<msg time="2024-10-28T18:14:26.533245" level="INFO">Waited for Element with selector css=form .notice at state visible</msg>
<arg>${element}</arg>
<arg>visible</arg>
<arg>5</arg>
<tag>PageContent</tag>
<tag>Wait</tag>
<doc>Waits for the element found by ``selector`` to satisfy state option.</doc>
<status status="PASS" start="2024-10-28T18:14:26.200295" elapsed="0.334046"/>
</kw>
<kw name="Get Text" owner="Browser">
<msg time="2024-10-28T18:14:26.554351" level="INFO">Text: 'Oops! O CPF informado é inválido'</msg>
<arg>${element}</arg>
<arg>equals</arg>
<arg>${target}</arg>
<tag>Assertion</tag>
<tag>Getter</tag>
<tag>PageContent</tag>
<doc>Returns text attribute of the element found by ``selector``.</doc>
<status status="PASS" start="2024-10-28T18:14:26.534916" elapsed="0.019435"/>
</kw>
<arg>${output_message}</arg>
<status status="PASS" start="2024-10-28T18:14:26.198293" elapsed="0.356058"/>
</kw>
<arg>Diego machado</arg>
<arg>machado.dc@gmail.com</arg>
<arg>12456754009</arg>
<arg>Oops! O CPF informado é inválido</arg>
<status status="PASS" start="2024-10-28T18:14:26.059704" elapsed="0.494647"/>
</kw>
<kw name="Attempt signup">
<kw name="Create Dictionary" owner="BuiltIn">
<msg time="2024-10-28T18:14:26.555463" level="INFO">${account} = {'name': 'Diego machado', 'email': 'machado.dc@gmail.com', 'cpf': '12456754'}</msg>
<var>${account}</var>
<arg>name=${name}</arg>
<arg>email=${email}</arg>
<arg>cpf=${cpf}</arg>
<doc>Creates and returns a dictionary based on the given ``items``.</doc>
<status status="PASS" start="2024-10-28T18:14:26.555463" elapsed="0.000000"/>
</kw>
<kw name="Submit signup form" owner="Landing">
<kw name="Get Text" owner="Browser">
<msg time="2024-10-28T18:14:26.579632" level="INFO">Text: 'Faça seu cadastro e venha para a Smartbit!'</msg>
<arg>css=#signup h2</arg>
<arg>equals</arg>
<arg>Faça seu cadastro e venha para a Smartbit!</arg>
<tag>Assertion</tag>
<tag>Getter</tag>
<tag>PageContent</tag>
<doc>Returns text attribute of the element found by ``selector``.</doc>
<status status="PASS" start="2024-10-28T18:14:26.556905" elapsed="0.024247"/>
</kw>
<kw name="Fill Text" owner="Browser">
<msg time="2024-10-28T18:14:26.582169" level="INFO">Fills the text 'Diego machado' in the given field.</msg>
<arg>id=name</arg>
<arg>${account}[name]</arg>
<tag>PageContent</tag>
<tag>Setter</tag>
<doc>Clears and fills the given ``txt`` into the text field found by ``selector``.</doc>
<status status="PASS" start="2024-10-28T18:14:26.581152" elapsed="0.023886"/>
</kw>
<kw name="Fill Text" owner="Browser">
<msg time="2024-10-28T18:14:26.607022" level="INFO">Fills the text 'machado.dc@gmail.com' in the given field.</msg>
<arg>id=email</arg>
<arg>${account}[email]</arg>
<tag>PageContent</tag>
<tag>Setter</tag>
<doc>Clears and fills the given ``txt`` into the text field found by ``selector``.</doc>
<status status="PASS" start="2024-10-28T18:14:26.606025" elapsed="0.027024"/>
</kw>
<kw name="Fill Text" owner="Browser">
<msg time="2024-10-28T18:14:26.634125" level="INFO">Fills the text '12456754' in the given field.</msg>
<arg>id=cpf</arg>
<arg>${account}[cpf]</arg>
<tag>PageContent</tag>
<tag>Setter</tag>
<doc>Clears and fills the given ``txt`` into the text field found by ``selector``.</doc>
<status status="PASS" start="2024-10-28T18:14:26.634125" elapsed="0.017894"/>
</kw>
<kw name="Click" owner="Browser">
<msg time="2024-10-28T18:14:26.653264" level="INFO">Clicks the element 'css=button &gt;&gt; text=Cadastrar'.</msg>
<arg>css=button &gt;&gt; text=Cadastrar</arg>
<tag>PageContent</tag>
<tag>Setter</tag>
<doc>Simulates mouse click on the element found by ``selector``.</doc>
<status status="PASS" start="2024-10-28T18:14:26.652541" elapsed="0.046111"/>
</kw>
<arg>${account}</arg>
<status status="PASS" start="2024-10-28T18:14:26.555463" elapsed="0.143189"/>
</kw>
<kw name="Notice should be" owner="BoxNotice">
<kw name="Set Variable" owner="BuiltIn">
<msg time="2024-10-28T18:14:26.701182" level="INFO">${element} = css=form .notice</msg>
<var>${element}</var>
<arg>css=form .notice</arg>
<doc>Returns the given values which can then be assigned to a variables.</doc>
<status status="PASS" start="2024-10-28T18:14:26.699655" elapsed="0.001527"/>
</kw>
<kw name="Wait For Elements State" owner="Browser">
<msg time="2024-10-28T18:14:27.053864" level="INFO">Waited for Element with selector css=form .notice at state visible</msg>
<arg>${element}</arg>
<arg>visible</arg>
<arg>5</arg>
<tag>PageContent</tag>
<tag>Wait</tag>
<doc>Waits for the element found by ``selector`` to satisfy state option.</doc>
<status status="PASS" start="2024-10-28T18:14:26.701182" elapsed="0.353205"/>
</kw>
<kw name="Get Text" owner="Browser">
<msg time="2024-10-28T18:14:27.081036" level="INFO">Text: 'Oops! O CPF informado é inválido'</msg>
<arg>${element}</arg>
<arg>equals</arg>
<arg>${target}</arg>
<tag>Assertion</tag>
<tag>Getter</tag>
<tag>PageContent</tag>
<doc>Returns text attribute of the element found by ``selector``.</doc>
<status status="PASS" start="2024-10-28T18:14:27.054387" elapsed="0.027698"/>
</kw>
<arg>${output_message}</arg>
<status status="PASS" start="2024-10-28T18:14:26.698652" elapsed="0.383433"/>
</kw>
<arg>Diego machado</arg>
<arg>machado.dc@gmail.com</arg>
<arg>12456754</arg>
<arg>Oops! O CPF informado é inválido</arg>
<status status="PASS" start="2024-10-28T18:14:26.555463" elapsed="0.526622"/>
</kw>
<kw name="Attempt signup">
<kw name="Create Dictionary" owner="BuiltIn">
<msg time="2024-10-28T18:14:27.084102" level="INFO">${account} = {'name': 'Diego machado', 'email': 'machado.dc@gmail.com', 'cpf': 'abdhdur'}</msg>
<var>${account}</var>
<arg>name=${name}</arg>
<arg>email=${email}</arg>
<arg>cpf=${cpf}</arg>
<doc>Creates and returns a dictionary based on the given ``items``.</doc>
<status status="PASS" start="2024-10-28T18:14:27.084102" elapsed="0.000000"/>
</kw>
<kw name="Submit signup form" owner="Landing">
<kw name="Get Text" owner="Browser">
<msg time="2024-10-28T18:14:27.108082" level="INFO">Text: 'Faça seu cadastro e venha para a Smartbit!'</msg>
<arg>css=#signup h2</arg>
<arg>equals</arg>
<arg>Faça seu cadastro e venha para a Smartbit!</arg>
<tag>Assertion</tag>
<tag>Getter</tag>
<tag>PageContent</tag>
<doc>Returns text attribute of the element found by ``selector``.</doc>
<status status="PASS" start="2024-10-28T18:14:27.085099" elapsed="0.022983"/>
</kw>
<kw name="Fill Text" owner="Browser">
<msg time="2024-10-28T18:14:27.109186" level="INFO">Fills the text 'Diego machado' in the given field.</msg>
<arg>id=name</arg>
<arg>${account}[name]</arg>
<tag>PageContent</tag>
<tag>Setter</tag>
<doc>Clears and fills the given ``txt`` into the text field found by ``selector``.</doc>
<status status="PASS" start="2024-10-28T18:14:27.108082" elapsed="0.022299"/>
</kw>
<kw name="Fill Text" owner="Browser">
<msg time="2024-10-28T18:14:27.132920" level="INFO">Fills the text 'machado.dc@gmail.com' in the given field.</msg>
<arg>id=email</arg>
<arg>${account}[email]</arg>
<tag>PageContent</tag>
<tag>Setter</tag>
<doc>Clears and fills the given ``txt`` into the text field found by ``selector``.</doc>
<status status="PASS" start="2024-10-28T18:14:27.131385" elapsed="0.023283"/>
</kw>
<kw name="Fill Text" owner="Browser">
<msg time="2024-10-28T18:14:27.156163" level="INFO">Fills the text 'abdhdur' in the given field.</msg>
<arg>id=cpf</arg>
<arg>${account}[cpf]</arg>
<tag>PageContent</tag>
<tag>Setter</tag>
<doc>Clears and fills the given ``txt`` into the text field found by ``selector``.</doc>
<status status="PASS" start="2024-10-28T18:14:27.154668" elapsed="0.018570"/>
</kw>
<kw name="Click" owner="Browser">
<msg time="2024-10-28T18:14:27.174745" level="INFO">Clicks the element 'css=button &gt;&gt; text=Cadastrar'.</msg>
<arg>css=button &gt;&gt; text=Cadastrar</arg>
<tag>PageContent</tag>
<tag>Setter</tag>
<doc>Simulates mouse click on the element found by ``selector``.</doc>
<status status="PASS" start="2024-10-28T18:14:27.173238" elapsed="0.063940"/>
</kw>
<arg>${account}</arg>
<status status="PASS" start="2024-10-28T18:14:27.084102" elapsed="0.153076"/>
</kw>
<kw name="Notice should be" owner="BoxNotice">
<kw name="Set Variable" owner="BuiltIn">
<msg time="2024-10-28T18:14:27.239970" level="INFO">${element} = css=form .notice</msg>
<var>${element}</var>
<arg>css=form .notice</arg>
<doc>Returns the given values which can then be assigned to a variables.</doc>
<status status="PASS" start="2024-10-28T18:14:27.238901" elapsed="0.001069"/>
</kw>
<kw name="Wait For Elements State" owner="Browser">
<msg time="2024-10-28T18:14:27.578591" level="INFO">Waited for Element with selector css=form .notice at state visible</msg>
<arg>${element}</arg>
<arg>visible</arg>
<arg>5</arg>
<tag>PageContent</tag>
<tag>Wait</tag>
<doc>Waits for the element found by ``selector`` to satisfy state option.</doc>
<status status="PASS" start="2024-10-28T18:14:27.239970" elapsed="0.339666"/>
</kw>
<kw name="Get Text" owner="Browser">
<msg time="2024-10-28T18:14:27.618055" level="INFO">Text: 'Oops! O CPF informado é inválido'</msg>
<arg>${element}</arg>
<arg>equals</arg>
<arg>${target}</arg>
<tag>Assertion</tag>
<tag>Getter</tag>
<tag>PageContent</tag>
<doc>Returns text attribute of the element found by ``selector``.</doc>
<status status="PASS" start="2024-10-28T18:14:27.579636" elapsed="0.038419"/>
</kw>
<arg>${output_message}</arg>
<status status="PASS" start="2024-10-28T18:14:27.238901" elapsed="0.379154"/>
</kw>
<arg>Diego machado</arg>
<arg>machado.dc@gmail.com</arg>
<arg>abdhdur</arg>
<arg>Oops! O CPF informado é inválido</arg>
<status status="PASS" start="2024-10-28T18:14:27.083110" elapsed="0.534945"/>
</kw>
<kw name="Attempt signup">
<kw name="Create Dictionary" owner="BuiltIn">
<msg time="2024-10-28T18:14:27.620519" level="INFO">${account} = {'name': 'Diego machado', 'email': 'machado.dc@gmail.com', 'cpf': '%&amp;¨$&amp;%#*&amp;%'}</msg>
<var>${account}</var>
<arg>name=${name}</arg>
<arg>email=${email}</arg>
<arg>cpf=${cpf}</arg>
<doc>Creates and returns a dictionary based on the given ``items``.</doc>
<status status="PASS" start="2024-10-28T18:14:27.619308" elapsed="0.001211"/>
</kw>
<kw name="Submit signup form" owner="Landing">
<kw name="Get Text" owner="Browser">
<msg time="2024-10-28T18:14:27.646020" level="INFO">Text: 'Faça seu cadastro e venha para a Smartbit!'</msg>
<arg>css=#signup h2</arg>
<arg>equals</arg>
<arg>Faça seu cadastro e venha para a Smartbit!</arg>
<tag>Assertion</tag>
<tag>Getter</tag>
<tag>PageContent</tag>
<doc>Returns text attribute of the element found by ``selector``.</doc>
<status status="PASS" start="2024-10-28T18:14:27.621025" elapsed="0.024995"/>
</kw>
<kw name="Fill Text" owner="Browser">
<msg time="2024-10-28T18:14:27.647029" level="INFO">Fills the text 'Diego machado' in the given field.</msg>
<arg>id=name</arg>
<arg>${account}[name]</arg>
<tag>PageContent</tag>
<tag>Setter</tag>
<doc>Clears and fills the given ``txt`` into the text field found by ``selector``.</doc>
<status status="PASS" start="2024-10-28T18:14:27.646020" elapsed="0.026164"/>
</kw>
<kw name="Fill Text" owner="Browser">
<msg time="2024-10-28T18:14:27.673700" level="INFO">Fills the text 'machado.dc@gmail.com' in the given field.</msg>
<arg>id=email</arg>
<arg>${account}[email]</arg>
<tag>PageContent</tag>
<tag>Setter</tag>
<doc>Clears and fills the given ``txt`` into the text field found by ``selector``.</doc>
<status status="PASS" start="2024-10-28T18:14:27.673338" elapsed="0.023288"/>
</kw>
<kw name="Fill Text" owner="Browser">
<msg time="2024-10-28T18:14:27.698648" level="INFO">Fills the text '%&amp;¨$&amp;%#*&amp;%' in the given field.</msg>
<arg>id=cpf</arg>
<arg>${account}[cpf]</arg>
<tag>PageContent</tag>
<tag>Setter</tag>
<doc>Clears and fills the given ``txt`` into the text field found by ``selector``.</doc>
<status status="PASS" start="2024-10-28T18:14:27.697658" elapsed="0.022136"/>
</kw>
<kw name="Click" owner="Browser">
<msg time="2024-10-28T18:14:27.719794" level="INFO">Clicks the element 'css=button &gt;&gt; text=Cadastrar'.</msg>
<arg>css=button &gt;&gt; text=Cadastrar</arg>
<tag>PageContent</tag>
<tag>Setter</tag>
<doc>Simulates mouse click on the element found by ``selector``.</doc>
<status status="PASS" start="2024-10-28T18:14:27.719794" elapsed="0.050134"/>
</kw>
<arg>${account}</arg>
<status status="PASS" start="2024-10-28T18:14:27.621025" elapsed="0.148903"/>
</kw>
<kw name="Notice should be" owner="BoxNotice">
<kw name="Set Variable" owner="BuiltIn">
<msg time="2024-10-28T18:14:27.773038" level="INFO">${element} = css=form .notice</msg>
<var>${element}</var>
<arg>css=form .notice</arg>
<doc>Returns the given values which can then be assigned to a variables.</doc>
<status status="PASS" start="2024-10-28T18:14:27.772028" elapsed="0.001010"/>
</kw>
<kw name="Wait For Elements State" owner="Browser">
<msg time="2024-10-28T18:14:28.123146" level="INFO">Waited for Element with selector css=form .notice at state visible</msg>
<arg>${element}</arg>
<arg>visible</arg>
<arg>5</arg>
<tag>PageContent</tag>
<tag>Wait</tag>
<doc>Waits for the element found by ``selector`` to satisfy state option.</doc>
<status status="PASS" start="2024-10-28T18:14:27.773038" elapsed="0.350108"/>
</kw>
<kw name="Get Text" owner="Browser">
<msg time="2024-10-28T18:14:28.152759" level="INFO">Text: 'Oops! O CPF informado é inválido'</msg>
<arg>${element}</arg>
<arg>equals</arg>
<arg>${target}</arg>
<tag>Assertion</tag>
<tag>Getter</tag>
<tag>PageContent</tag>
<doc>Returns text attribute of the element found by ``selector``.</doc>
<status status="PASS" start="2024-10-28T18:14:28.124056" elapsed="0.028703"/>
</kw>
<arg>${output_message}</arg>
<status status="PASS" start="2024-10-28T18:14:27.771519" elapsed="0.381240"/>
</kw>
<arg>Diego machado</arg>
<arg>machado.dc@gmail.com</arg>
<arg>%&amp;¨$&amp;%#*&amp;%</arg>
<arg>Oops! O CPF informado é inválido</arg>
<status status="PASS" start="2024-10-28T18:14:27.619308" elapsed="0.533451"/>
</kw>
<kw name="Take Screenshot" owner="Browser" type="TEARDOWN">
<msg time="2024-10-28T18:14:28.487672" level="INFO" html="true">&lt;/td&gt;&lt;/tr&gt;&lt;tr&gt;&lt;td colspan="3"&gt;&lt;a href="browser/screenshot/robotframework-browser-screenshot-11.png" target="_blank"&gt;&lt;img src="browser/screenshot/robotframework-browser-screenshot-11.png" width="800px"/&gt;&lt;/a&gt;</msg>
<tag>PageContent</tag>
<doc>Takes a screenshot of the current window or element and saves it to disk.</doc>
<status status="PASS" start="2024-10-28T18:14:28.153773" elapsed="0.333899"/>
</kw>
<status status="PASS" start="2024-10-28T18:14:18.320099" elapsed="10.168570"/>
</test>
<doc>Cenários de testes de pré-cadastro de clientes</doc>
<status status="PASS" start="2024-10-28T18:14:12.557612" elapsed="16.078361"/>
</suite>
<suite id="s1-s4" name="Slogan" source="C:\QAx\projects\smartbit-robot\web\tests\slogan.robot">
<test id="s1-s4-t1" name="Deve exibir o Slogan na Landing Page" line="7">
<kw name="New Browser" owner="Browser">
<msg time="2024-10-28T18:14:28.699882" level="INFO">Switching browser to browser=a61b2075-8182-4cb3-ab7a-15a00df0b5b2</msg>
<msg time="2024-10-28T18:14:28.702954" level="INFO">Successfully changed active browser: browser=a61b2075-8182-4cb3-ab7a-15a00df0b5b2</msg>
<msg time="2024-10-28T18:14:28.702954" level="INFO">Reusing existing browser with id: browser=a61b2075-8182-4cb3-ab7a-15a00df0b5b2</msg>
<arg>browser=chromium</arg>
<arg>headless=False</arg>
<tag>BrowserControl</tag>
<tag>Setter</tag>
<doc>Create a new playwright Browser with specified options.</doc>
<status status="PASS" start="2024-10-28T18:14:28.698885" elapsed="0.004069"/>
</kw>
<kw name="New Page" owner="Browser">
<msg time="2024-10-28T18:14:30.141417" level="INFO">Successfully initialized new page object and opened url: http://localhost:3000</msg>
<msg time="2024-10-28T18:14:30.141947" level="INFO">No context was open. New context was automatically opened when this page is created.</msg>
<arg>http://localhost:3000</arg>
<tag>BrowserControl</tag>
<tag>Setter</tag>
<doc>Open a new Page.</doc>
<status status="PASS" start="2024-10-28T18:14:28.703969" elapsed="1.437978"/>
</kw>
<kw name="Get Text" owner="Browser">
<msg time="2024-10-28T18:14:30.246485" level="INFO">Text: 'Sua Jornada Fitness Começa aqui!'</msg>
<arg>css=.headline h2</arg>
<arg>equals</arg>
<arg>Sua Jornada Fitness Começa aqui!</arg>
<tag>Assertion</tag>
<tag>Getter</tag>
<tag>PageContent</tag>
<doc>Returns text attribute of the element found by ``selector``.</doc>
<status status="PASS" start="2024-10-28T18:14:30.141947" elapsed="0.104538"/>
</kw>
<status status="PASS" start="2024-10-28T18:14:28.687157" elapsed="1.561540"/>
</test>
<doc>Teste para verificar o Slogan da Smartibit na Webapp</doc>
<status status="PASS" start="2024-10-28T18:14:28.657517" elapsed="1.716629"/>
</suite>
<status status="PASS" start="2024-10-28T18:13:18.976569" elapsed="71.413229"/>
</suite>
<statistics>
<total>
<stat pass="11" fail="0" skip="0">All Tests</stat>
</total>
<tag>
<stat pass="1" fail="0" skip="0">dup</stat>
<stat pass="1" fail="0" skip="0">email_404</stat>
<stat pass="1" fail="0" skip="0">inv_pass</stat>
<stat pass="1" fail="0" skip="0">remove</stat>
<stat pass="1" fail="0" skip="0">search</stat>
</tag>
<suite>
<stat pass="11" fail="0" skip="0" id="s1" name="Tests">Tests</stat>
<stat pass="4" fail="0" skip="0" id="s1-s1" name="Login">Tests.Login</stat>
<stat pass="4" fail="0" skip="0" id="s1-s2" name="Memberships">Tests.Memberships</stat>
<stat pass="2" fail="0" skip="0" id="s1-s3" name="Signup">Tests.Signup</stat>
<stat pass="1" fail="0" skip="0" id="s1-s4" name="Slogan">Tests.Slogan</stat>
</suite>
</statistics>
<errors>
</errors>
</robot>
